Log file open, 09/03/18 20:08:16
LogWindows: Failed to load 'aqProf.dll' (GetLastError=126)
LogWindows: File 'aqProf.dll' does not exist
LogWindows: Failed to load 'VtuneApi.dll' (GetLastError=126)
LogWindows: File 'VtuneApi.dll' does not exist
LogWindows: Failed to load 'VtuneApi32e.dll' (GetLastError=126)
LogWindows: File 'VtuneApi32e.dll' does not exist
LogInit: Display: Running engine for game: ProjectGoober
LogPlatformFile: Not using cached read wrapper
LogInit: Display: RandInit(-1777057439) SRandInit(-1777057439).
LogInit: Read version file with build ID '3944462'
LogInit: Overriding engine version to CL 4033788, compatible CL 3944462
LogInit: Registered custom module enumerator with build ID '3944462'
LogTaskGraph: Started task graph with 5 named threads and 14 total threads with 3 sets of task threads.
LogStats: Stats thread started at 0.173908
LogD3D11RHI: Aftermath initialized
LogICUInternationalization: Display: ICU TimeZone Detection - Raw Offset: -8:00, Platform Override: ''
LogModuleManager: Display: Found up-to-date module file ../../../Engine/Plugins/2D/Paper2D/Binaries/Win64/UE4Editor-Paper2D.dll (API version 3944462).
LogModuleManager: Display: Found up-to-date module file ../../../Engine/Plugins/2D/Paper2D/Binaries/Win64/UE4Editor-Paper2DEditor.dll (API version 3944462).
LogModuleManager: Display: Found up-to-date module file ../../../Engine/Plugins/2D/Paper2D/Binaries/Win64/UE4Editor-PaperSpriteSheetImporter.dll (API version 3944462).
LogModuleManager: Display: Found up-to-date module file ../../../Engine/Plugins/2D/Paper2D/Binaries/Win64/UE4Editor-PaperTiledImporter.dll (API version 3944462).
LogModuleManager: Display: Found up-to-date module file ../../../Engine/Plugins/2D/Paper2D/Binaries/Win64/UE4Editor-SmartSnapping.dll (API version 3944462).
LogModuleManager: Display: Found up-to-date module file ../../../Engine/Plugins/Blendables/LightPropagationVolume/Binaries/Win64/UE4Editor-LightPropagationVolumeRuntime.dll (API version 3944462).
LogModuleManager: Display: Found up-to-date module file ../../../Engine/Plugins/Blendables/LightPropagationVolume/Binaries/Win64/UE4Editor-LightPropagationVolumeEditor.dll (API version 3944462).
LogModuleManager: Display: Found up-to-date module file ../../../Engine/Plugins/Developer/CLionSourceCodeAccess/Binaries/Win64/UE4Editor-CLionSourceCodeAccess.dll (API version 3944462).
LogModuleManager: Display: Found up-to-date module file ../../../Engine/Plugins/Developer/GitSourceControl/Binaries/Win64/UE4Editor-GitSourceControl.dll (API version 3944462).
LogModuleManager: Display: Found up-to-date module file ../../../Engine/Plugins/Developer/PerforceSourceControl/Binaries/Win64/UE4Editor-PerforceSourceControl.dll (API version 3944462).
LogModuleManager: Display: Found up-to-date module file ../../../Engine/Plugins/Developer/SubversionSourceControl/Binaries/Win64/UE4Editor-SubversionSourceControl.dll (API version 3944462).
LogModuleManager: Display: Found up-to-date module file ../../../Engine/Plugins/Developer/UObjectPlugin/Binaries/Win64/UE4Editor-UObjectPlugin.dll (API version 3944462).
LogModuleManager: Display: Found up-to-date module file ../../../Engine/Plugins/Developer/VisualStudioCodeSourceCodeAccess/Binaries/Win64/UE4Editor-VisualStudioCodeSourceCodeAccess.dll (API version 3944462).
LogModuleManager: Display: Found up-to-date module file ../../../Engine/Plugins/Developer/VisualStudioSourceCodeAccess/Binaries/Win64/UE4Editor-VisualStudioSourceCodeAccess.dll (API version 3944462).
LogModuleManager: Display: Found up-to-date module file ../../../Engine/Plugins/Editor/AssetManagerEditor/Binaries/Win64/UE4Editor-AssetManagerEditor.dll (API version 3944462).
LogModuleManager: Display: Found up-to-date module file ../../../Engine/Plugins/Editor/CryptoKeys/Binaries/Win64/UE4Editor-CryptoKeys.dll (API version 3944462).
LogModuleManager: Display: Found up-to-date module file ../../../Engine/Plugins/Editor/CryptoKeys/Binaries/Win64/UE4Editor-CryptoKeysOpenSSL.dll (API version 3944462).
LogModuleManager: Display: Found up-to-date module file ../../../Engine/Plugins/Editor/DataValidation/Binaries/Win64/UE4Editor-DataValidation.dll (API version 3944462).
LogModuleManager: Display: Found up-to-date module file ../../../Engine/Plugins/Editor/FacialAnimation/Binaries/Win64/UE4Editor-FacialAnimation.dll (API version 3944462).
LogModuleManager: Display: Found up-to-date module file ../../../Engine/Plugins/Editor/FacialAnimation/Binaries/Win64/UE4Editor-FacialAnimationEditor.dll (API version 3944462).
LogModuleManager: Display: Found up-to-date module file ../../../Engine/Plugins/Editor/GameplayTagsEditor/Binaries/Win64/UE4Editor-GameplayTagsEditor.dll (API version 3944462).
LogModuleManager: Display: Found up-to-date module file ../../../Engine/Plugins/Editor/MobileLauncherProfileWizard/Binaries/Win64/UE4Editor-MobileLauncherProfileWizard.dll (API version 3944462).
LogModuleManager: Display: Found up-to-date module file ../../../Engine/Plugins/Editor/PluginBrowser/Binaries/Win64/UE4Editor-PluginBrowser.dll (API version 3944462).
LogModuleManager: Display: Found up-to-date module file ../../../Engine/Plugins/Editor/SpeedTreeImporter/Binaries/Win64/UE4Editor-SpeedTreeImporter.dll (API version 3944462).
LogModuleManager: Display: Found up-to-date module file ../../../Engine/Plugins/Enterprise/DatasmithContent/Binaries/Win64/UE4Editor-DatasmithContent.dll (API version 3944462).
LogModuleManager: Display: Found up-to-date module file ../../../Engine/Plugins/Experimental/AlembicImporter/Binaries/Win64/UE4Editor-AlembicImporter.dll (API version 3944462).
LogModuleManager: Display: Found up-to-date module file ../../../Engine/Plugins/Experimental/AlembicImporter/Binaries/Win64/UE4Editor-AlembicLibrary.dll (API version 3944462).
LogModuleManager: Display: Found up-to-date module file ../../../Engine/Plugins/Experimental/CharacterAI/Binaries/Win64/UE4Editor-CharacterAI.dll (API version 3944462).
LogModuleManager: Display: Found up-to-date module file ../../../Engine/Plugins/Experimental/HTML5Networking/Binaries/Win64/UE4Editor-HTML5Networking.dll (API version 3944462).
LogModuleManager: Display: Found up-to-date module file ../../../Engine/Plugins/Media/AndroidMedia/Binaries/Win64/UE4Editor-AndroidMediaEditor.dll (API version 3944462).
LogModuleManager: Display: Found up-to-date module file ../../../Engine/Plugins/Media/AndroidMedia/Binaries/Win64/UE4Editor-AndroidMediaFactory.dll (API version 3944462).
LogModuleManager: Display: Found up-to-date module file ../../../Engine/Plugins/Media/AvfMedia/Binaries/Win64/UE4Editor-AvfMediaEditor.dll (API version 3944462).
LogModuleManager: Display: Found up-to-date module file ../../../Engine/Plugins/Media/AvfMedia/Binaries/Win64/UE4Editor-AvfMediaFactory.dll (API version 3944462).
LogModuleManager: Display: Found up-to-date module file ../../../Engine/Plugins/Media/AvfMedia/Binaries/Win64/UE4Editor-AvfMediaFactory.dll (API version 3944462).
LogModuleManager: Display: Found up-to-date module file ../../../Engine/Plugins/Media/ImgMedia/Binaries/Win64/UE4Editor-ImgMedia.dll (API version 3944462).
LogModuleManager: Display: Found up-to-date module file ../../../Engine/Plugins/Media/ImgMedia/Binaries/Win64/UE4Editor-ImgMediaEditor.dll (API version 3944462).
LogModuleManager: Display: Found up-to-date module file ../../../Engine/Plugins/Media/ImgMedia/Binaries/Win64/UE4Editor-ImgMediaFactory.dll (API version 3944462).
LogModuleManager: Display: Found up-to-date module file ../../../Engine/Plugins/Media/ImgMedia/Binaries/Win64/UE4Editor-ImgMediaFactory.dll (API version 3944462).
LogModuleManager: Display: Found up-to-date module file ../../../Engine/Plugins/Media/ImgMedia/Binaries/Win64/UE4Editor-OpenExrWrapper.dll (API version 3944462).
LogModuleManager: Display: Found up-to-date module file ../../../Engine/Plugins/Media/LinearTimecode/Binaries/Win64/UE4Editor-LinearTimecode.dll (API version 3944462).
LogModuleManager: Display: Found up-to-date module file ../../../Engine/Plugins/Media/MediaCompositing/Binaries/Win64/UE4Editor-MediaCompositing.dll (API version 3944462).
LogModuleManager: Display: Found up-to-date module file ../../../Engine/Plugins/Media/MediaCompositing/Binaries/Win64/UE4Editor-MediaCompositingEditor.dll (API version 3944462).
LogModuleManager: Display: Found up-to-date module file ../../../Engine/Plugins/Media/MediaPlayerEditor/Binaries/Win64/UE4Editor-MediaPlayerEditor.dll (API version 3944462).
LogModuleManager: Display: Found up-to-date module file ../../../Engine/Plugins/Media/WmfMedia/Binaries/Win64/UE4Editor-WmfMedia.dll (API version 3944462).
LogModuleManager: Display: Found up-to-date module file ../../../Engine/Plugins/Media/WmfMedia/Binaries/Win64/UE4Editor-WmfMediaEditor.dll (API version 3944462).
LogModuleManager: Display: Found up-to-date module file ../../../Engine/Plugins/Media/WmfMedia/Binaries/Win64/UE4Editor-WmfMediaFactory.dll (API version 3944462).
LogModuleManager: Display: Found up-to-date module file ../../../Engine/Plugins/Media/WmfMedia/Binaries/Win64/UE4Editor-WmfMediaFactory.dll (API version 3944462).
LogModuleManager: Display: Found up-to-date module file ../../../Engine/Plugins/Messaging/TcpMessaging/Binaries/Win64/UE4Editor-TcpMessaging.dll (API version 3944462).
LogModuleManager: Display: Found up-to-date module file ../../../Engine/Plugins/Messaging/UdpMessaging/Binaries/Win64/UE4Editor-UdpMessaging.dll (API version 3944462).
LogModuleManager: Display: Found up-to-date module file ../../../Engine/Plugins/MovieScene/ActorSequence/Binaries/Win64/UE4Editor-ActorSequence.dll (API version 3944462).
LogModuleManager: Display: Found up-to-date module file ../../../Engine/Plugins/MovieScene/LevelSequenceEditor/Binaries/Win64/UE4Editor-LevelSequenceEditor.dll (API version 3944462).
LogModuleManager: Display: Found up-to-date module file ../../../Engine/Plugins/MovieScene/MatineeToLevelSequence/Binaries/Win64/UE4Editor-MatineeToLevelSequence.dll (API version 3944462).
LogModuleManager: Display: Found up-to-date module file ../../../Engine/Plugins/NetcodeUnitTest/NetcodeUnitTest/Binaries/Win64/UE4Editor-NetcodeUnitTest.dll (API version 3944462).
LogModuleManager: Display: Found up-to-date module file ../../../Engine/Plugins/NetcodeUnitTest/NUTUnrealEngine4/Binaries/Win64/UE4Editor-NUTUnrealEngine4.dll (API version 3944462).
LogModuleManager: Display: Found up-to-date module file ../../../Engine/Plugins/Online/OnlineSubsystem/Binaries/Win64/UE4Editor-OnlineSubsystem.dll (API version 3944462).
LogModuleManager: Display: Found up-to-date module file ../../../Engine/Plugins/Runtime/AndroidPermission/Binaries/Win64/UE4Editor-AndroidPermission.dll (API version 3944462).
LogModuleManager: Display: Found up-to-date module file ../../../Engine/Plugins/Online/OnlineSubsystemNull/Binaries/Win64/UE4Editor-OnlineSubsystemNull.dll (API version 3944462).
LogModuleManager: Display: Found up-to-date module file ../../../Engine/Plugins/Online/OnlineSubsystemUtils/Binaries/Win64/UE4Editor-OnlineSubsystemUtils.dll (API version 3944462).
LogModuleManager: Display: Found up-to-date module file ../../../Engine/Plugins/Online/OnlineSubsystemUtils/Binaries/Win64/UE4Editor-OnlineBlueprintSupport.dll (API version 3944462).
LogModuleManager: Display: Found up-to-date module file ../../../Engine/Plugins/Runtime/AndroidDeviceProfileSelector/Binaries/Win64/UE4Editor-AndroidDeviceProfileSelector.dll (API version 3944462).
LogModuleManager: Display: Found up-to-date module file ../../../Engine/Plugins/Runtime/AppleARKit/Binaries/Win64/UE4Editor-AppleARKit.dll (API version 3944462).
LogModuleManager: Display: Found up-to-date module file ../../../Engine/Plugins/Runtime/ProceduralMeshComponent/Binaries/Win64/UE4Editor-ProceduralMeshComponent.dll (API version 3944462).
LogModuleManager: Display: Found up-to-date module file ../../../Engine/Plugins/Runtime/ProceduralMeshComponent/Binaries/Win64/UE4Editor-ProceduralMeshComponentEditor.dll (API version 3944462).
LogModuleManager: Display: Found up-to-date module file ../../../Engine/Plugins/Animation/LiveLink/Binaries/Win64/UE4Editor-LiveLink.dll (API version 3944462).
LogModuleManager: Display: Found up-to-date module file ../../../Engine/Plugins/Animation/LiveLink/Binaries/Win64/UE4Editor-LiveLinkEditor.dll (API version 3944462).
LogModuleManager: Display: Found up-to-date module file ../../../Engine/Plugins/Runtime/ArchVisCharacter/Binaries/Win64/UE4Editor-ArchVisCharacter.dll (API version 3944462).
LogModuleManager: Display: Found up-to-date module file ../../../Engine/Plugins/Runtime/AudioCapture/Binaries/Win64/UE4Editor-AudioCapture.dll (API version 3944462).
LogModuleManager: Display: Found up-to-date module file ../../../Engine/Plugins/Runtime/AudioCapture/Binaries/Win64/UE4Editor-AudioCaptureEditor.dll (API version 3944462).
LogModuleManager: Display: Found up-to-date module file ../../../Engine/Plugins/Runtime/CableComponent/Binaries/Win64/UE4Editor-CableComponent.dll (API version 3944462).
LogModuleManager: Display: Found up-to-date module file ../../../Engine/Plugins/Runtime/CustomMeshComponent/Binaries/Win64/UE4Editor-CustomMeshComponent.dll (API version 3944462).
LogModuleManager: Display: Found up-to-date module file ../../../Engine/Plugins/Runtime/ExampleDeviceProfileSelector/Binaries/Win64/UE4Editor-ExampleDeviceProfileSelector.dll (API version 3944462).
LogModuleManager: Display: Found up-to-date module file ../../../Engine/Plugins/Runtime/ImmediatePhysics/Binaries/Win64/UE4Editor-ImmediatePhysics.dll (API version 3944462).
LogModuleManager: Display: Found up-to-date module file ../../../Engine/Plugins/Runtime/ImmediatePhysics/Binaries/Win64/UE4Editor-ImmediatePhysicsEditor.dll (API version 3944462).
LogModuleManager: Display: Found up-to-date module file ../../../Engine/Plugins/Runtime/LocationServicesBPLibrary/Binaries/Win64/UE4Editor-LocationServicesBPLibrary.dll (API version 3944462).
LogModuleManager: Display: Found up-to-date module file ../../../Engine/Plugins/Runtime/MobilePatchingUtils/Binaries/Win64/UE4Editor-MobilePatchingUtils.dll (API version 3944462).
LogModuleManager: Display: Found up-to-date module file ../../../Engine/Plugins/Runtime/Oculus/OculusVR/Binaries/Win64/UE4Editor-OculusHMD.dll (API version 3944462).
LogModuleManager: Display: Found up-to-date module file ../../../Engine/Plugins/Runtime/Oculus/OculusVR/Binaries/Win64/UE4Editor-OculusInput.dll (API version 3944462).
LogModuleManager: Display: Found up-to-date module file ../../../Engine/Plugins/Runtime/Oculus/OculusVR/Binaries/Win64/UE4Editor-OculusEditor.dll (API version 3944462).
LogModuleManager: Display: Found up-to-date module file ../../../Engine/Plugins/Runtime/PhysXVehicles/Binaries/Win64/UE4Editor-PhysXVehicles.dll (API version 3944462).
LogModuleManager: Display: Found up-to-date module file ../../../Engine/Plugins/Runtime/PhysXVehicles/Binaries/Win64/UE4Editor-PhysXVehiclesEditor.dll (API version 3944462).
LogModuleManager: Display: Found up-to-date module file ../../../Engine/Plugins/Runtime/RuntimePhysXCooking/Binaries/Win64/UE4Editor-RuntimePhysXCooking.dll (API version 3944462).
LogModuleManager: Display: Found up-to-date module file ../../../Engine/Plugins/Runtime/Steam/SteamVR/Binaries/Win64/UE4Editor-SteamVR.dll (API version 3944462).
LogModuleManager: Display: Found up-to-date module file ../../../Engine/Plugins/Runtime/Steam/SteamVR/Binaries/Win64/UE4Editor-SteamVRController.dll (API version 3944462).
LogModuleManager: Display: Found up-to-date module file ../../../Engine/Plugins/Runtime/WindowsMoviePlayer/Binaries/Win64/UE4Editor-WindowsMoviePlayer.dll (API version 3944462).
LogPluginManager: Mounting plugin Paper2D
LogPluginManager: Mounting plugin LiveLink
LogPluginManager: Mounting plugin LightPropagationVolume
LogPluginManager: Mounting plugin CLionSourceCodeAccess
LogPluginManager: Mounting plugin CodeLiteSourceCodeAccess
LogPluginManager: Mounting plugin GitSourceControl
LogPluginManager: Mounting plugin KDevelopSourceCodeAccess
LogPluginManager: Mounting plugin NullSourceCodeAccess
LogPluginManager: Mounting plugin PerforceSourceControl
LogPluginManager: Mounting plugin SubversionSourceControl
LogPluginManager: Mounting plugin UObjectPlugin
LogPluginManager: Mounting plugin VisualStudioCodeSourceCodeAccess
LogPluginManager: Mounting plugin VisualStudioSourceCodeAccess
LogPluginManager: Mounting plugin XCodeSourceCodeAccess
LogPluginManager: Mounting plugin AssetManagerEditor
LogPluginManager: Mounting plugin CryptoKeys
LogPluginManager: Mounting plugin DataValidation
LogPluginManager: Mounting plugin FacialAnimation
LogPluginManager: Mounting plugin GameplayTagsEditor
LogPluginManager: Mounting plugin MobileLauncherProfileWizard
LogPluginManager: Mounting plugin PluginBrowser
LogPluginManager: Mounting plugin SpeedTreeImporter
LogPluginManager: Mounting plugin DatasmithContent
LogPluginManager: Mounting plugin AlembicImporter
LogPluginManager: Mounting plugin CharacterAI
LogPluginManager: Mounting plugin HTML5Networking
LogPluginManager: Mounting plugin AndroidMedia
LogPluginManager: Mounting plugin AvfMedia
LogPluginManager: Mounting plugin ImgMedia
LogPluginManager: Mounting plugin LinearTimecode
LogPluginManager: Mounting plugin MediaCompositing
LogPluginManager: Mounting plugin MediaPlayerEditor
LogPluginManager: Mounting plugin WmfMedia
LogPluginManager: Mounting plugin TcpMessaging
LogPluginManager: Mounting plugin UdpMessaging
LogPluginManager: Mounting plugin ActorSequence
LogPluginManager: Mounting plugin LevelSequenceEditor
LogPluginManager: Mounting plugin MatineeToLevelSequence
LogPluginManager: Mounting plugin NetcodeUnitTest
LogPluginManager: Mounting plugin NUTUnrealEngine4
LogPluginManager: Mounting plugin OnlineSubsystemGooglePlay
LogPluginManager: Mounting plugin OnlineSubsystemIOS
LogPluginManager: Mounting plugin OnlineSubsystem
LogPluginManager: Mounting plugin OnlineSubsystemNull
LogPluginManager: Mounting plugin OnlineSubsystemUtils
LogPluginManager: Mounting plugin AndroidDeviceProfileSelector
LogPluginManager: Mounting plugin AndroidMoviePlayer
LogPluginManager: Mounting plugin AndroidPermission
LogPluginManager: Mounting plugin AppleARKit
LogPluginManager: Mounting plugin AppleMoviePlayer
LogPluginManager: Mounting plugin ArchVisCharacter
LogPluginManager: Mounting plugin AudioCapture
LogPluginManager: Mounting plugin CableComponent
LogPluginManager: Mounting plugin CustomMeshComponent
LogPluginManager: Mounting plugin ExampleDeviceProfileSelector
LogPluginManager: Mounting plugin GoogleCloudMessaging
LogPluginManager: Mounting plugin ImmediatePhysics
LogPluginManager: Mounting plugin IOSDeviceProfileSelector
LogPluginManager: Mounting plugin LinuxDeviceProfileSelector
LogPluginManager: Mounting plugin LocationServicesBPLibrary
LogPluginManager: Mounting plugin MobilePatchingUtils
LogPluginManager: Mounting plugin OculusVR
LogPluginManager: Plugin shader directory ../../../Engine/Plugins/Runtime/Oculus/OculusVR/Shaders found
LogPluginManager: Mapping shader source directory ../../../Engine/Plugins/Runtime/Oculus/OculusVR/Shaders to virtual directory /Plugin/OculusVR
LogPluginManager: Mounting plugin PhysXVehicles
LogPluginManager: Mounting plugin ProceduralMeshComponent
LogPluginManager: Mounting plugin RuntimePhysXCooking
LogPluginManager: Mounting plugin SteamVR
LogPluginManager: Mounting plugin WindowsMoviePlayer
LogStreaming: Display: Took  0.860s to configure plugins.
LogInit: Using libcurl 7.47.1
LogInit:  - built for x86_64-pc-win32
LogInit:  - supports SSL with OpenSSL/1.0.2g
LogInit:  - supports HTTP deflate (compression) using libz 1.2.8
LogInit:  - other features:
LogInit:      CURL_VERSION_SSL
LogInit:      CURL_VERSION_LIBZ
LogInit:      CURL_VERSION_IPV6
LogInit:      CURL_VERSION_ASYNCHDNS
LogInit:      CURL_VERSION_LARGEFILE
LogInit:      CURL_VERSION_IDN
LogInit:  CurlRequestOptions (configurable via config and command line):
LogInit:  - bVerifyPeer = false  - Libcurl will NOT verify peer certificate
LogInit:  - bUseHttpProxy = false  - Libcurl will NOT use HTTP proxy
LogInit:  - bDontReuseConnections = false  - Libcurl will reuse connections
LogInit:  - CertBundlePath = nullptr  - Libcurl will use whatever was configured at build time.
LogInit:  - MaxHostConnections = 16  - Libcurl will limit the number of connections to a host
LogInit:  - LocalHostAddr = Default
LogInit: WinSock: version 1.1 (2.2), MaxSocks=32767, MaxUdp=65467
LogInit: WinSock: I am DESKTOP-TMK6QLM (192.168.1.4:0)
LogInit: Build: ++UE4+Release-4.19-CL-4033788
LogInit: Engine Version: 4.19.2-4033788+++UE4+Release-4.19
LogInit: Compatible Engine Version: 4.19.0-3944462+++UE4+Release-4.19
LogInit: Net CL: 3944462
LogDevObjectVersion: Number of dev versions registered: 18
LogDevObjectVersion:   Dev-Blueprints (B0D832E4-1F89-4F0D-ACCF-7EB736FD4AA2): 10
LogDevObjectVersion:   Dev-Build (E1C64328-A22C-4D53-A36C-8E866417BD8C): 0
LogDevObjectVersion:   Dev-Core (375EC13C-06E4-48FB-B500-84F0262A717E): 2
LogDevObjectVersion:   Dev-Editor (E4B068ED-F494-42E9-A231-DA0B2E46BB41): 23
LogDevObjectVersion:   Dev-Framework (CFFC743F-43B0-4480-9391-14DF171D2073): 33
LogDevObjectVersion:   Dev-Mobile (B02B49B5-BB20-44E9-A304-32B752E40360): 2
LogDevObjectVersion:   Dev-Networking (A4E4105C-59A1-49B5-A7C5-40C4547EDFEE): 0
LogDevObjectVersion:   Dev-Online (39C831C9-5AE6-47DC-9A44-9C173E1C8E7C): 0
LogDevObjectVersion:   Dev-Physics (78F01B33-EBEA-4F98-B9B4-84EACCB95AA2): 0
LogDevObjectVersion:   Dev-Platform (6631380F-2D4D-43E0-8009-CF276956A95A): 0
LogDevObjectVersion:   Dev-Rendering (12F88B9F-8875-4AFC-A67C-D90C383ABD29): 25
LogDevObjectVersion:   Dev-Sequencer (7B5AE74C-D270-4C10-A958-57980B212A5A): 6
LogDevObjectVersion:   Dev-VR (D7296918-1DD6-4BDD-9DE2-64A83CC13884): 1
LogDevObjectVersion:   Dev-LoadTimes (C2A15278-BFE7-4AFE-6C17-90FF531DF755): 1
LogDevObjectVersion:   Private-Geometry (6EACA3D4-40EC-4CC1-B786-8BED09428FC5): 2
LogDevObjectVersion:   Dev-AnimPhys (29E575DD-E0A3-4627-9D10-D276232CDCEA): 16
LogDevObjectVersion:   Dev-ReflectionCapture (6B266CEC-1EC7-4B8F-A30B-E4D90942FC07): 1
LogDevObjectVersion:   Dev-Automation (0DF73D61-A23F-47EA-B727-89E90C41499A): 1
LogInit: Compiled (64-bit): Apr 27 2018 02:06:57
LogInit: Compiled with Visual C++: 19.00.24215.01
LogInit: Build Configuration: Development
LogInit: Branch Name: ++UE4+Release-4.19
LogInit: Command Line:  
LogInit: Base Directory: D:/Epic Games/UE_4.19/Engine/Binaries/Win64/
LogInit: Installed Engine Build: 1
LogStreaming: Display: Took  0.000s to delete old logs.
LogInit: Presizing for max 8388607 objects, including 0 objects not considered by GC, pre-allocating 0 bytes for permanent pool.
LogInit: Object subsystem initialized
[2018.09.04-03.08.17:598][  0]LogInit: Selected Device Profile: [Windows]
[2018.09.04-03.08.17:598][  0]LogInit: Applying CVar settings loaded from the selected device profile: [Windows]
[2018.09.04-03.08.17:611][  0]LogInit: Computer: DESKTOP-TMK6QLM
[2018.09.04-03.08.17:611][  0]LogInit: User: glash
[2018.09.04-03.08.17:611][  0]LogInit: CPU Page size=4096, Cores=4
[2018.09.04-03.08.17:611][  0]LogInit: High frequency timer resolution =2.648435 MHz
[2018.09.04-03.08.17:612][  0]LogMemory: Memory total: Physical=8.0GB (8GB approx)
[2018.09.04-03.08.17:612][  0]LogMemory: Platform Memory Stats for Windows
[2018.09.04-03.08.17:612][  0]LogMemory: Process Physical Memory: 273.60 MB used, 273.60 MB peak
[2018.09.04-03.08.17:612][  0]LogMemory: Process Virtual Memory: 264.16 MB used, 264.16 MB peak
[2018.09.04-03.08.17:612][  0]LogMemory: Physical Memory: 6718.39 MB used,  1423.70 MB free, 8142.09 MB total
[2018.09.04-03.08.17:612][  0]LogMemory: Virtual Memory: 4784.11 MB used,  1423.70 MB free, 134217728.00 MB total
[2018.09.04-03.08.17:639][  0]LogInit: Using OS detected language (en-US).
[2018.09.04-03.08.17:639][  0]LogInit: Using OS detected locale (en-US).
[2018.09.04-03.08.17:642][  0]LogTextLocalizationManager: No specific localization for 'en-US' exists, so the 'en' localization will be used.
[2018.09.04-03.08.18:096][  0]LogStreaming: Display: Took  0.456s to EndInitTextLocalization.
[2018.09.04-03.08.18:096][  0]LogInit: Setting process to per monitor DPI aware
[2018.09.04-03.08.18:157][  0]LogSlate: New Slate User Created.  User Index 0, Is Virtual User: 0
[2018.09.04-03.08.18:157][  0]LogSlate: Slate User Registered.  User Index 0, Is Virtual User: 0
[2018.09.04-03.08.23:310][  0]LogD3D11RHI: D3D11 adapters:
[2018.09.04-03.08.23:415][  0]LogD3D11RHI:    0. 'NVIDIA GeForce GTX 1060 6GB' (Feature Level 11_0)
[2018.09.04-03.08.23:415][  0]LogD3D11RHI:       6052/0/4071 MB DedicatedVideo/DedicatedSystem/SharedSystem, Outputs:2, VendorId:0x10de
[2018.09.04-03.08.23:422][  0]LogD3D11RHI:    1. 'Microsoft Basic Render Driver' (Feature Level 11_0)
[2018.09.04-03.08.23:422][  0]LogD3D11RHI:       0/0/4071 MB DedicatedVideo/DedicatedSystem/SharedSystem, Outputs:0, VendorId:0x1414
[2018.09.04-03.08.23:422][  0]LogD3D11RHI: Chosen D3D11 Adapter: 0
[2018.09.04-03.08.23:441][  0]LogD3D11RHI: Creating new Direct3DDevice
[2018.09.04-03.08.23:441][  0]LogD3D11RHI:     GPU DeviceId: 0x1c03 (for the marketing name, search the web for "GPU Device Id")
[2018.09.04-03.08.23:441][  0]LogWindows: EnumDisplayDevices:
[2018.09.04-03.08.23:442][  0]LogWindows:    0. 'NVIDIA GeForce GTX 1060 6GB' (P:1 D:1)
[2018.09.04-03.08.23:442][  0]LogWindows:    1. 'NVIDIA GeForce GTX 1060 6GB' (P:0 D:1)
[2018.09.04-03.08.23:442][  0]LogWindows:    2. 'NVIDIA GeForce GTX 1060 6GB' (P:0 D:0)
[2018.09.04-03.08.23:442][  0]LogWindows:    3. 'NVIDIA GeForce GTX 1060 6GB' (P:0 D:0)
[2018.09.04-03.08.23:442][  0]LogWindows: DebugString: GetVideoDriverDetailsInvalid PrimaryIsNotTheChoosenAdapter GetVideoDriverDetailsInvalid PrimaryIsNotTheChoosenAdapter GetVideoDriverDetailsInvalid PrimaryIsNotTheChoosenAdapter GetVideoDriverDetailsInvalid PrimaryIsNotTheChoosenAdapter FoundDriverCount:0 
[2018.09.04-03.08.23:442][  0]LogD3D11RHI:     Adapter Name: NVIDIA GeForce GTX 1060 6GB
[2018.09.04-03.08.23:442][  0]LogD3D11RHI:   Driver Version: Unknown (internal:Unknown, unified:Unknown)
[2018.09.04-03.08.23:442][  0]LogD3D11RHI:      Driver Date: Unknown
[2018.09.04-03.08.23:442][  0]LogRHI: Texture pool is 4236 MB (70% of 6052 MB)
[2018.09.04-03.08.23:500][  0]LogD3D11RHI: [Aftermath] Aftermath enabled and primed
[2018.09.04-03.08.23:500][  0]LogD3D11RHI: [Aftermath] Aftermath enabled and primed
[2018.09.04-03.08.23:501][  0]LogD3D11RHI: Async texture creation enabled
[2018.09.04-03.08.23:767][  0]LogD3D11RHI: GPU Timing Frequency: 1000.000000 (Debug: 2 2)
[2018.09.04-03.08.23:934][  0]LogShaderCompilers: Guid format shader working directory is -13 characters bigger than the processId version (../../../../../PersonalProjects/ProjectGoober/ProjectGoober/Intermediate/Shaders/WorkingDirectory/8916/).
[2018.09.04-03.08.23:935][  0]LogShaderCompilers: Cleaned the shader compiler working directory 'C:/Users/glash/AppData/Local/Temp/UnrealShaderWorkingDir/AE1A0D40444E51A85A0A0E8B161D5BE5/'.
[2018.09.04-03.08.25:830][  0]LogTemp: Display: Loaded TP AllDesktopTargetPlatform
[2018.09.04-03.08.25:844][  0]LogTemp: Display: Loaded TP MacClientTargetPlatform
[2018.09.04-03.08.25:856][  0]LogTemp: Display: Loaded TP MacNoEditorTargetPlatform
[2018.09.04-03.08.25:869][  0]LogTemp: Display: Loaded TP MacServerTargetPlatform
[2018.09.04-03.08.25:934][  0]LogTemp: Display: Loaded TP MacTargetPlatform
[2018.09.04-03.08.25:947][  0]LogTemp: Display: Loaded TP WindowsClientTargetPlatform
[2018.09.04-03.08.25:961][  0]LogTemp: Display: Loaded TP WindowsNoEditorTargetPlatform
[2018.09.04-03.08.25:974][  0]LogTemp: Display: Loaded TP WindowsServerTargetPlatform
[2018.09.04-03.08.25:995][  0]LogTemp: Display: Loaded TP WindowsTargetPlatform
[2018.09.04-03.08.26:007][  0]LogTemp: Display: Loaded TP Android_ASTCTargetPlatform
[2018.09.04-03.08.26:019][  0]LogTemp: Display: Loaded TP Android_ATCTargetPlatform
[2018.09.04-03.08.26:031][  0]LogTemp: Display: Loaded TP Android_DXTTargetPlatform
[2018.09.04-03.08.26:044][  0]LogTemp: Display: Loaded TP Android_ETC1aTargetPlatform
[2018.09.04-03.08.26:056][  0]LogTemp: Display: Loaded TP Android_ETC1TargetPlatform
[2018.09.04-03.08.26:068][  0]LogTemp: Display: Loaded TP Android_ETC2TargetPlatform
[2018.09.04-03.08.26:093][  0]LogTemp: Display: Loaded TP Android_MultiTargetPlatform
[2018.09.04-03.08.26:093][  0]LogTemp: Display: Loaded TP Android_PVRTCTargetPlatform
[2018.09.04-03.08.26:128][  0]LogTemp: Display: Loaded TP AndroidTargetPlatform
[2018.09.04-03.08.26:129][  0]LogTemp: Display: Loaded TP HTML5TargetPlatform
[2018.09.04-03.08.26:262][  0]LogTemp: Display: Loaded TP IOSTargetPlatform
[2018.09.04-03.08.26:274][  0]LogTemp: Display: Loaded TP TVOSTargetPlatform
[2018.09.04-03.08.26:286][  0]LogTemp: Display: Loaded TP LinuxClientTargetPlatform
[2018.09.04-03.08.26:298][  0]LogTemp: Display: Loaded TP LinuxNoEditorTargetPlatform
[2018.09.04-03.08.26:310][  0]LogTemp: Display: Loaded TP LinuxServerTargetPlatform
[2018.09.04-03.08.26:339][  0]LogTemp: Display: Loaded TP LinuxTargetPlatform
[2018.09.04-03.08.26:339][  0]LogTargetPlatformManager: Display: Building Assets For Windows
[2018.09.04-03.08.27:614][  0]LogXGEController: Cannot use XGE Controller as Incredibuild is not installed on this machine.
[2018.09.04-03.08.27:636][  0]LogShaderCompilers: Cannot use XGE Shader Compiler as Incredibuild is not installed on this machine.
[2018.09.04-03.08.27:636][  0]LogShaderCompilers: Display: Using Local Shader Compiler.
[2018.09.04-03.08.31:388][  0]LogDerivedDataCache: Display: Max Cache Size: 512 MB
[2018.09.04-03.08.31:656][  0]LogDerivedDataCache: Loaded boot cache 0.27s 74MB C:/Users/glash/AppData/Local/UnrealEngine/4.19/DerivedDataCache/Boot.ddc.
[2018.09.04-03.08.31:657][  0]LogDerivedDataCache: Display: Loaded Boot cache: C:/Users/glash/AppData/Local/UnrealEngine/4.19/DerivedDataCache/Boot.ddc
[2018.09.04-03.08.31:657][  0]LogDerivedDataCache: FDerivedDataBackendGraph:  Pak pak cache file ../../../../../PersonalProjects/ProjectGoober/ProjectGoober/DerivedDataCache/DDC.ddp not found, will not use a pak cache.
[2018.09.04-03.08.31:657][  0]LogDerivedDataCache: Unable to find inner node Pak for hierarchical cache Hierarchy.
[2018.09.04-03.08.31:657][  0]LogDerivedDataCache: FDerivedDataBackendGraph:  CompressedPak pak cache file ../../../../../PersonalProjects/ProjectGoober/ProjectGoober/DerivedDataCache/Compressed.ddp not found, will not use a pak cache.
[2018.09.04-03.08.31:657][  0]LogDerivedDataCache: Unable to find inner node CompressedPak for hierarchical cache Hierarchy.
[2018.09.04-03.08.31:756][  0]LogDerivedDataCache: Display: Pak cache opened for reading ../../../Engine/DerivedDataCache/Compressed.ddp.
[2018.09.04-03.08.31:769][  0]LogDerivedDataCache: Using Local data cache path C:/Users/glash/AppData/Local/UnrealEngine/Common/DerivedDataCache: Writable
[2018.09.04-03.08.31:769][  0]LogDerivedDataCache: Shared data cache path not found in *engine.ini, will not use an Shared cache.
[2018.09.04-03.08.31:769][  0]LogDerivedDataCache: Unable to find inner node Shared for hierarchical cache Hierarchy.
[2018.09.04-03.08.31:818][  0]LogMaterial: Verifying Global Shaders for PCD3D_SM5
[2018.09.04-03.08.31:857][  0]LogSlate: Using Freetype 2.6.0
[2018.09.04-03.08.31:949][  0]LogSlate: SlateFontCache - WITH_FREETYPE: 1, WITH_HARFBUZZ: 1
[2018.09.04-03.08.31:949][  0]LogSlate: SlateFontCache - WITH_FREETYPE: 1, WITH_HARFBUZZ: 1
[2018.09.04-03.08.56:516][  0]LogAssetRegistry: FAssetRegistry took 0.0737 seconds to start up
[2018.09.04-03.09.07:512][  0]LogInit: Selected Device Profile: [Windows]
[2018.09.04-03.09.15:868][  0]LogSimplygon: Simplygon DLL not present - disabling.
[2018.09.04-03.09.15:872][  0]LogMeshReduction: Using SimplygonSwarm for distributed automatic mesh merging
[2018.09.04-03.09.15:872][  0]LogMeshReduction: Using QuadricMeshReduction for automatic static mesh reduction
[2018.09.04-03.09.15:872][  0]LogMeshReduction: No automatic skeletal mesh reduction module available
[2018.09.04-03.09.15:872][  0]LogMeshReduction: No automatic mesh merging module available
[2018.09.04-03.09.15:872][  0]LogMeshMerging: No automatic mesh merging module available
[2018.09.04-03.09.16:333][  0]LogNetVersion: ProjectGoober , NetCL: 3944462, EngineNetVer: 2, GameNetVer: 0 (Checksum: 3564167533)
[2018.09.04-03.09.28:125][  0]LogAssetRegistry: Error: Failed to open file for write ../../../../../PersonalProjects/ProjectGoober/ProjectGoober/Intermediate/AssetRegistryCache/5a627529.bin
[2018.09.04-03.09.28:483][  0]LogAssetRegistry: Error: Failed to open file for write ../../../../../PersonalProjects/ProjectGoober/ProjectGoober/Intermediate/AssetRegistryCache/866581fd.bin
[2018.09.04-03.09.28:550][  0]LogAssetRegistry: Error: Failed to open file for write ../../../../../PersonalProjects/ProjectGoober/ProjectGoober/Intermediate/AssetRegistryCache/94c5d5a7.bin
[2018.09.04-03.09.28:605][  0]LogAssetRegistry: Error: Failed to open file for write ../../../../../PersonalProjects/ProjectGoober/ProjectGoober/Intermediate/AssetRegistryCache/8c0e1344.bin
[2018.09.04-03.09.28:735][  0]LogAssetRegistry: Error: Failed to open file for write ../../../../../PersonalProjects/ProjectGoober/ProjectGoober/Intermediate/AssetRegistryCache/c9e91a3f.bin
[2018.09.04-03.09.28:786][  0]LogAssetRegistry: Error: Failed to open file for write ../../../../../PersonalProjects/ProjectGoober/ProjectGoober/Intermediate/AssetRegistryCache/995fc7f5.bin
[2018.09.04-03.09.28:803][  0]LogAssetRegistry: Error: Failed to open file for write ../../../../../PersonalProjects/ProjectGoober/ProjectGoober/Intermediate/AssetRegistryCache/50a675f9.bin
[2018.09.04-03.09.28:823][  0]LogAssetRegistry: Error: Failed to open file for write ../../../../../PersonalProjects/ProjectGoober/ProjectGoober/Intermediate/AssetRegistryCache/44c3f9c9.bin
[2018.09.04-03.09.28:866][  0]LogAssetRegistry: Error: Failed to open file for write ../../../../../PersonalProjects/ProjectGoober/ProjectGoober/Intermediate/AssetRegistryCache/50d6f4e0.bin
[2018.09.04-03.09.28:963][  0]LogAssetRegistry: Error: Failed to open file for write ../../../../../PersonalProjects/ProjectGoober/ProjectGoober/Intermediate/AssetRegistryCache/f0d5030c.bin
[2018.09.04-03.09.28:996][  0]LogPackageLocalizationCache: Processed 9 localized package path(s) for 2 prioritized culture(s) in 1.064717 seconds
[2018.09.04-03.09.29:162][  0]LogUObjectArray: 36728 objects as part of root set at end of initial load.
[2018.09.04-03.09.29:162][  0]LogUObjectAllocator: 7314304 out of 0 bytes used by permanent object pool.
[2018.09.04-03.09.29:162][  0]LogUObjectArray: CloseDisregardForGC: 0/0 objects in disregard for GC pool
[2018.09.04-03.10.31:751][  0]LogConfig: Warning: Failed to saved backup for config[TranslationPickerSettings]
[2018.09.04-03.10.37:796][  0]LogTcpMessaging: Initializing TcpMessaging bridge
[2018.09.04-03.10.37:931][  0]LogUdpMessaging: Initializing bridge on interface 0.0.0.0:0 to multicast group 230.0.0.1:6666.
[2018.09.04-03.10.42:570][  0]SourceControl: Source control is disabled
[2018.09.04-03.10.42:570][  0]LogWindows: Warning: CreateProc failed: The system cannot find the file specified. (0x00000002)
[2018.09.04-03.10.42:570][  0]LogWindows: Warning: URL: C:/Program Files/Git/bin/git.exe version
[2018.09.04-03.10.42:571][  0]LogWindows: Warning: CreateProc failed: The system cannot find the file specified. (0x00000002)
[2018.09.04-03.10.42:571][  0]LogWindows: Warning: URL: C:/Program Files (x86)/Git/bin/git.exe version
[2018.09.04-03.10.42:571][  0]LogWindows: Warning: CreateProc failed: The system cannot find the file specified. (0x00000002)
[2018.09.04-03.10.42:571][  0]LogWindows: Warning: URL: C:\Users\glash\AppData\Local/Programs/Git/cmd/git.exe version
[2018.09.04-03.10.42:571][  0]LogWindows: Warning: CreateProc failed: The system cannot find the file specified. (0x00000002)
[2018.09.04-03.10.42:571][  0]LogWindows: Warning: URL: C:/Program Files (x86)/SmartGit/git/bin/git.exe version
[2018.09.04-03.10.42:571][  0]LogWindows: Warning: CreateProc failed: The system cannot find the file specified. (0x00000002)
[2018.09.04-03.10.42:571][  0]LogWindows: Warning: URL: C:/Program Files (x86)/SmartGit/bin/git.exe version
[2018.09.04-03.10.42:571][  0]LogWindows: Warning: CreateProc failed: The system cannot find the file specified. (0x00000002)
[2018.09.04-03.10.42:571][  0]LogWindows: Warning: URL: C:\Users\glash\AppData\Local/Atlassian/SourceTree/git_local/bin/git.exe version
[2018.09.04-03.10.42:571][  0]LogWindows: Warning: CreateProc failed: The system cannot find the file specified. (0x00000002)
[2018.09.04-03.10.42:571][  0]LogWindows: Warning: URL: C:/Program Files (x86)/fournova/Tower/vendor/Git/bin/git.exe version
[2018.09.04-03.10.42:733][  0]LogWindows: Warning: CreateProc failed: The system cannot find the file specified. (0x00000002)
[2018.09.04-03.10.42:733][  0]LogWindows: Warning: URL: C:/Program Files/Git/bin/git.exe version
[2018.09.04-03.10.42:733][  0]LogWindows: Warning: CreateProc failed: The system cannot find the file specified. (0x00000002)
[2018.09.04-03.10.42:733][  0]LogWindows: Warning: URL: C:/Program Files (x86)/Git/bin/git.exe version
[2018.09.04-03.10.42:733][  0]LogWindows: Warning: CreateProc failed: The system cannot find the file specified. (0x00000002)
[2018.09.04-03.10.42:733][  0]LogWindows: Warning: URL: C:\Users\glash\AppData\Local/Programs/Git/cmd/git.exe version
[2018.09.04-03.10.42:733][  0]LogWindows: Warning: CreateProc failed: The system cannot find the file specified. (0x00000002)
[2018.09.04-03.10.42:733][  0]LogWindows: Warning: URL: C:/Program Files (x86)/SmartGit/git/bin/git.exe version
[2018.09.04-03.10.42:734][  0]LogWindows: Warning: CreateProc failed: The system cannot find the file specified. (0x00000002)
[2018.09.04-03.10.42:734][  0]LogWindows: Warning: URL: C:/Program Files (x86)/SmartGit/bin/git.exe version
[2018.09.04-03.10.42:734][  0]LogWindows: Warning: CreateProc failed: The system cannot find the file specified. (0x00000002)
[2018.09.04-03.10.42:734][  0]LogWindows: Warning: URL: C:\Users\glash\AppData\Local/Atlassian/SourceTree/git_local/bin/git.exe version
[2018.09.04-03.10.42:734][  0]LogWindows: Warning: CreateProc failed: The system cannot find the file specified. (0x00000002)
[2018.09.04-03.10.42:734][  0]LogWindows: Warning: URL: C:/Program Files (x86)/fournova/Tower/vendor/Git/bin/git.exe version
[2018.09.04-03.10.42:792][  0]LogWindows: Warning: CreateProc failed: The system cannot find the file specified. (0x00000002)
[2018.09.04-03.10.42:792][  0]LogWindows: Warning: URL: C:/Program Files/Git/bin/git.exe version
[2018.09.04-03.10.42:792][  0]LogWindows: Warning: CreateProc failed: The system cannot find the file specified. (0x00000002)
[2018.09.04-03.10.42:792][  0]LogWindows: Warning: URL: C:/Program Files (x86)/Git/bin/git.exe version
[2018.09.04-03.10.42:792][  0]LogWindows: Warning: CreateProc failed: The system cannot find the file specified. (0x00000002)
[2018.09.04-03.10.42:792][  0]LogWindows: Warning: URL: C:\Users\glash\AppData\Local/Programs/Git/cmd/git.exe version
[2018.09.04-03.10.42:792][  0]LogWindows: Warning: CreateProc failed: The system cannot find the file specified. (0x00000002)
[2018.09.04-03.10.42:792][  0]LogWindows: Warning: URL: C:/Program Files (x86)/SmartGit/git/bin/git.exe version
[2018.09.04-03.10.42:792][  0]LogWindows: Warning: CreateProc failed: The system cannot find the file specified. (0x00000002)
[2018.09.04-03.10.42:792][  0]LogWindows: Warning: URL: C:/Program Files (x86)/SmartGit/bin/git.exe version
[2018.09.04-03.10.42:793][  0]LogWindows: Warning: CreateProc failed: The system cannot find the file specified. (0x00000002)
[2018.09.04-03.10.42:793][  0]LogWindows: Warning: URL: C:\Users\glash\AppData\Local/Atlassian/SourceTree/git_local/bin/git.exe version
[2018.09.04-03.10.42:793][  0]LogWindows: Warning: CreateProc failed: The system cannot find the file specified. (0x00000002)
[2018.09.04-03.10.42:793][  0]LogWindows: Warning: URL: C:/Program Files (x86)/fournova/Tower/vendor/Git/bin/git.exe version
[2018.09.04-03.10.43:066][  0]LogConfig: Warning: Failed to saved backup for config[Crypto]
[2018.09.04-03.10.45:908][  0]LogConfig: Warning: Failed to saved backup for config[UnitTestStats]
[2018.09.04-03.10.46:233][  0]LogAndroidPermission: UAndroidPermissionCallbackProxy::GetInstance
[2018.09.04-03.10.46:771][  0]LogOcInput: OculusInput pre-init called
[2018.09.04-03.10.47:773][  0]LogEngine: Initializing Engine...
[2018.09.04-03.10.47:836][  0]LogHMD: Failed to initialize OpenVR with code 110
[2018.09.04-03.10.47:895][  0]LogStats: UGameplayTagsManager::ConstructGameplayTagTree: Construct from data asset -  0.000 s
[2018.09.04-03.10.47:896][  0]LogStats: UGameplayTagsManager::ConstructGameplayTagTree: GameplayTagTreeChangedEvent.Broadcast -  0.000 s
[2018.09.04-03.10.51:182][  0]LogAIModule: Creating AISystem for world Untitled
[2018.09.04-03.10.51:448][  0]LogInit: XAudio2 using 'Speakers (Realtek High Definition Audio)' : 2 channels at 48 kHz using 32 bits per sample (channel mask 0x3)
[2018.09.04-03.10.51:889][  0]LogInit: FAudioDevice initialized.
[2018.09.04-03.10.52:035][  0]LogDerivedDataCache: Saved boot cache 0.10s 74MB C:/Users/glash/AppData/Local/UnrealEngine/4.19/DerivedDataCache/Boot.ddc.
[2018.09.04-03.10.52:045][  0]LogInit: Texture streaming: Enabled
[2018.09.04-03.10.52:285][  0]LogEngineSessionManager: EngineSessionManager initialized
[2018.09.04-03.10.52:647][  0]LogInit: Transaction tracking system initialized
[2018.09.04-03.10.53:303][  0]BlueprintLog: New page: Editor Load
[2018.09.04-03.10.55:249][  0]LogConfig: Warning: Failed to saved backup for config[LocalizationServiceSettings]
[2018.09.04-03.10.55:250][  0]LocalizationService: Localization service is disabled
[2018.09.04-03.10.56:544][  0]LogConsoleResponse: Display: 
[2018.09.04-03.10.58:980][  0]LogFileCache: Scanning file cache for directory 'D:/PersonalProjects/ProjectGoober/ProjectGoober/Content/' took 0.06s
[2018.09.04-03.10.58:981][  0]LogCook: Display: Max memory allowance for cook 16384mb min free memory 0mb
[2018.09.04-03.10.58:981][  0]LogCook: Display: Mobile HDR setting 1
[2018.09.04-03.10.59:026][  0]LogGameplayTags: Display: UGameplayTagsManager::DoneAddingNativeTags. DelegateIsBound: 0
[2018.09.04-03.10.59:049][  0]LogStats: UGameplayTagsManager::ConstructGameplayTagTree: Construct from data asset -  0.000 s
[2018.09.04-03.10.59:049][  0]LogStats: UGameplayTagsManager::ConstructGameplayTagTree: GameplayTagTreeChangedEvent.Broadcast -  0.000 s
[2018.09.04-03.11.03:720][  0]LogWindows: Warning: CreateProc failed: The system cannot find the file specified. (0x00000002)
[2018.09.04-03.11.03:721][  0]LogWindows: Warning: URL: C:/Program Files/Git/bin/git.exe version
[2018.09.04-03.11.03:721][  0]LogWindows: Warning: CreateProc failed: The system cannot find the file specified. (0x00000002)
[2018.09.04-03.11.03:721][  0]LogWindows: Warning: URL: C:/Program Files (x86)/Git/bin/git.exe version
[2018.09.04-03.11.03:721][  0]LogWindows: Warning: CreateProc failed: The system cannot find the file specified. (0x00000002)
[2018.09.04-03.11.03:721][  0]LogWindows: Warning: URL: C:\Users\glash\AppData\Local/Programs/Git/cmd/git.exe version
[2018.09.04-03.11.03:721][  0]LogWindows: Warning: CreateProc failed: The system cannot find the file specified. (0x00000002)
[2018.09.04-03.11.03:721][  0]LogWindows: Warning: URL: C:/Program Files (x86)/SmartGit/git/bin/git.exe version
[2018.09.04-03.11.03:721][  0]LogWindows: Warning: CreateProc failed: The system cannot find the file specified. (0x00000002)
[2018.09.04-03.11.03:721][  0]LogWindows: Warning: URL: C:/Program Files (x86)/SmartGit/bin/git.exe version
[2018.09.04-03.11.03:721][  0]LogWindows: Warning: CreateProc failed: The system cannot find the file specified. (0x00000002)
[2018.09.04-03.11.03:721][  0]LogWindows: Warning: URL: C:\Users\glash\AppData\Local/Atlassian/SourceTree/git_local/bin/git.exe version
[2018.09.04-03.11.03:722][  0]LogWindows: Warning: CreateProc failed: The system cannot find the file specified. (0x00000002)
[2018.09.04-03.11.03:722][  0]LogWindows: Warning: URL: C:/Program Files (x86)/fournova/Tower/vendor/Git/bin/git.exe version
[2018.09.04-03.11.03:759][  0]Cmd: MAP LOAD FILE="../../../../../PersonalProjects/ProjectGoober/ProjectGoober/Content/ThirdPersonBP/Maps/ThirdPersonExampleMap.umap" TEMPLATE=0 SHOWPROGRESS=1 FEATURELEVEL=3
[2018.09.04-03.11.03:768][  0]LightingResults: New page: Lighting Build
[2018.09.04-03.11.03:992][  0]MapCheck: New page: Map Check
[2018.09.04-03.11.03:992][  0]LightingResults: New page: Lighting Build
[2018.09.04-03.11.05:624][  0]LogUObjectGlobals: Created PersistentFrame Addr=0x0000022a01f4b1c0, Size=64, Default__ThirdPerson_AnimBP_C Function /Game/Mannequin/Animations/ThirdPerson_AnimBP.ThirdPerson_AnimBP_C:ExecuteUbergraph_ThirdPerson_AnimBP
[2018.09.04-03.11.05:751][  0]LogUObjectGlobals: Destroyed PersistentFrame Addr=0x0000022a01f4b1c0, Size=64
[2018.09.04-03.11.05:751][  0]LogUObjectGlobals: Created PersistentFrame Addr=0x0000022a01f4b280, Size=64, Default__ThirdPerson_AnimBP_C Function /Engine/Transient.REINST_ThirdPerson_AnimBP_C_0:ExecuteUbergraph_ThirdPerson_AnimBP
[2018.09.04-03.11.05:819][  0]LogUObjectGlobals: Created PersistentFrame Addr=0x0000022a02b57dd0, Size=72, Default__ThirdPerson_AnimBP_C Function /Game/Mannequin/Animations/ThirdPerson_AnimBP.ThirdPerson_AnimBP_C:ExecuteUbergraph_ThirdPerson_AnimBP
[2018.09.04-03.11.06:094][  0]LogUObjectGlobals: Created PersistentFrame Addr=0x0000022a02b41940, Size=320, Default__ThirdPersonCharacter_C Function /Game/ThirdPersonBP/Blueprints/ThirdPersonCharacter.ThirdPersonCharacter_C:ExecuteUbergraph_ThirdPersonCharacter
[2018.09.04-03.11.06:311][  0]LogUObjectGlobals: Destroyed PersistentFrame Addr=0x0000022a02b41940, Size=320
[2018.09.04-03.11.06:312][  0]LogUObjectGlobals: Created PersistentFrame Addr=0x0000022a02b41940, Size=320, Default__ThirdPersonCharacter_C Function /Engine/Transient.REINST_ThirdPersonCharacter_C_4:ExecuteUbergraph_ThirdPersonCharacter
[2018.09.04-03.11.06:324][  0]LogUObjectGlobals: Created PersistentFrame Addr=0x0000022a02aa7880, Size=320, Default__ThirdPersonCharacter_C Function /Game/ThirdPersonBP/Blueprints/ThirdPersonCharacter.ThirdPersonCharacter_C:ExecuteUbergraph_ThirdPersonCharacter
[2018.09.04-03.11.06:951][  0]LogUObjectGlobals: Created PersistentFrame Addr=0x0000022a06e59de0, Size=208, Default__MinorHealthPickup_C Function /Game/ThirdPersonBP/Blueprints/MinorHealthPickup.MinorHealthPickup_C:ExecuteUbergraph_MinorHealthPickup
[2018.09.04-03.11.06:953][  0]LogUObjectGlobals: Destroyed PersistentFrame Addr=0x0000022a06e59de0, Size=208
[2018.09.04-03.11.06:954][  0]LogUObjectGlobals: Created PersistentFrame Addr=0x0000022a06e59de0, Size=208, Default__MinorHealthPickup_C Function /Engine/Transient.REINST_MinorHealthPickup_C_13:ExecuteUbergraph_MinorHealthPickup
[2018.09.04-03.11.06:956][  0]LogUObjectGlobals: Created PersistentFrame Addr=0x0000022a06e588e0, Size=208, Default__MinorHealthPickup_C Function /Game/ThirdPersonBP/Blueprints/MinorHealthPickup.MinorHealthPickup_C:ExecuteUbergraph_MinorHealthPickup
[2018.09.04-03.11.08:838][  0]LogTexture: Display: Building textures: Ramen_house1_Ramen_door_Normal (BC5, 1024X1024)
[2018.09.04-03.11.08:838][  0]LogTexture: Display: Building textures: Texture2D_1 (BGRA8, 64X64)
[2018.09.04-03.11.08:838][  0]LogTexture: Display: Building textures: Hunger_Meat_Pickup_HungerPickup_OcclusionRoughnessMetallic (AutoDXT, 1024X1024)
[2018.09.04-03.11.09:923][  0]LogTexture: Display: Building textures: Hunger_Meat_Pickup_HungerPickup_BaseColor (AutoDXT, 1024X1024)
[2018.09.04-03.11.09:923][  0]LogSkeletalMesh: Skeletal Mesh found in DDC [177.511246ms] /Game/Mannequin/Character/Mesh/SK_Mannequin.SK_Mannequin
[2018.09.04-03.11.10:269][  0]LogMaterial: Missing cached shader map for material Ramen_pillar, compiling. 
[2018.09.04-03.11.10:837][  0]LogShaderCompilers: Display: Shaders left to compile 31
[2018.09.04-03.11.10:837][  0]LogShaderCompilers: Display: Shaders left to compile 21
[2018.09.04-03.11.10:837][  0]LogShaderCompilers: Display: Shaders left to compile 11
[2018.09.04-03.11.12:458][  0]LogAIModule: Creating AISystem for world ThirdPersonExampleMap
[2018.09.04-03.11.14:643][  0]LogMaterial: Warning: Material /Game/CartoonWaterShader/Meshes/Rock/Rock_mat.Rock_mat needed to have new flag set bUsedWithInstancedStaticMeshes !
[2018.09.04-03.11.14:648][  0]LogMaterial: Missing cached shader map for material Rock_mat, compiling. 
[2018.09.04-03.11.14:677][  0]MapCheck: Warning: Rock_mat Material /Game/CartoonWaterShader/Meshes/Rock/Rock_mat.Rock_mat was missing the usage flag bUsedWithInstancedStaticMeshes. If the material asset is not re-saved, it may not render correctly when run outside the editor. Fix
[2018.09.04-03.11.16:422][  0]LogEditorServer: Finished looking for orphan Actors (0.000 secs)
[2018.09.04-03.11.17:178][  0]LogUObjectGlobals: Destroyed PersistentFrame Addr=0x0000022a01f4b280, Size=64
[2018.09.04-03.11.17:271][  0]LogUObjectGlobals: Destroyed PersistentFrame Addr=0x0000022a02b41940, Size=320
[2018.09.04-03.11.17:271][  0]LogUObjectGlobals: Destroyed PersistentFrame Addr=0x0000022a06e59de0, Size=208
[2018.09.04-03.11.18:165][  0]Cmd: MAP CHECKDEP NOCLEARLOG
[2018.09.04-03.11.20:260][  0]MapCheck: Map check complete: 0 Error(s), 1 Warning(s), took 2,076.677ms to complete.
[2018.09.04-03.11.20:792][  0]LogFileHelpers: Loading map 'ThirdPersonExampleMap' took 17.043
[2018.09.04-03.11.26:789][  0]LogShaderCompilers: Display: Shaders left to compile 44
[2018.09.04-03.11.26:789][  0]LogCollectionManager: Loaded 0 collections in 0.001086 seconds
[2018.09.04-03.11.27:337][  0]LogFileCache: Scanning file cache for directory 'D:/PersonalProjects/ProjectGoober/ProjectGoober/Saved/Collections/' took 0.01s
[2018.09.04-03.11.27:337][  0]LogFileCache: Scanning file cache for directory 'D:/PersonalProjects/ProjectGoober/ProjectGoober/Content/Developers/glash/Collections/' took 0.01s
[2018.09.04-03.11.27:337][  0]LogFileCache: Scanning file cache for directory 'D:/PersonalProjects/ProjectGoober/ProjectGoober/Content/Collections/' took 0.01s
[2018.09.04-03.11.27:337][  0]LogCollectionManager: Rebuilt the GUID cache for 0 collections in 0.000001 seconds
[2018.09.04-03.11.27:367][  0]LogContentBrowser: Native class hierarchy populated in 0.0107 seconds. Added 2452 classes and 558 folders.
[2018.09.04-03.11.27:755][  0]LogContentBrowser: Native class hierarchy updated for 'WidgetCarousel' in 0.0002 seconds. Added 0 classes and 0 folders.
[2018.09.04-03.11.29:201][  0]LogContentBrowser: Native class hierarchy updated for 'AddContentDialog' in 0.0002 seconds. Added 0 classes and 0 folders.
[2018.09.04-03.11.29:310][  0]LogContentBrowser: Native class hierarchy updated for 'SceneOutliner' in 0.0002 seconds. Added 1 classes and 2 folders.
[2018.09.04-03.11.30:555][  0]LogSlate: Took 0.102341 seconds to synchronously load lazily loaded font '../../../Engine/Content/Slate/Fonts/Roboto-Regular.ttf' (155K)
[2018.09.04-03.11.30:608][  0]LogSlate: Took 0.034169 seconds to synchronously load lazily loaded font '../../../Engine/Content/Slate/Fonts/Roboto-Bold.ttf' (160K)
[2018.09.04-03.11.30:835][  0]LogSlate: Took 0.032050 seconds to synchronously load lazily loaded font '../../../Engine/Content/Editor/Slate/Fonts/FontAwesome.ttf' (139K)
[2018.09.04-03.11.32:002][  0]LogShaderCompilers: Display: Shaders left to compile 34
[2018.09.04-03.11.32:002][  0]LogShaderCompilers: Display: Shaders left to compile 24
[2018.09.04-03.11.32:002][  0]LogRenderer: Reallocating scene render targets to support 1208x576 Format 10 NumSamples 1 (Frame:1).
[2018.09.04-03.11.35:153][  0]LogShaderCompilers: Display: Shaders left to compile 14
[2018.09.04-03.11.35:227][  0]LogContentBrowser: Native class hierarchy updated for 'HierarchicalLODOutliner' in 0.0002 seconds. Added 0 classes and 0 folders.
[2018.09.04-03.11.35:227][  0]LogLoad: (Engine Initialization) Total time: 199.54 seconds
[2018.09.04-03.11.35:227][  0]LogLoad: (Engine Initialization) Total Blueprint compile time: 0.00 seconds
[2018.09.04-03.11.35:417][  0]LogWindowsTextInputMethodSystem: Display: IME system now deactivated.
[2018.09.04-03.11.37:426][  0]LogStreaming: Warning: Took 514.15ms to ProcessLoadedPackages
[2018.09.04-03.11.38:055][  0]LogContentStreaming: Texture pool size now 1000 MB
[2018.09.04-03.11.39:252][  1]LogShaderCompilers: Display: Shaders left to compile 4
[2018.09.04-03.11.42:825][  1]LogSlate: Took 0.000248 seconds to synchronously load lazily loaded font '../../../Engine/Content/Slate/Fonts/Roboto-Light.ttf' (167K)
[2018.09.04-03.11.43:455][  3]LogAssetRegistry: Asset discovery search completed in 166.9860 seconds
[2018.09.04-03.11.43:459][  3]LogCollectionManager: Rebuilt the object cache for 0 collections in 0.000001 seconds (found 0 objects)
[2018.09.04-03.11.43:460][  3]LogCollectionManager: Fixed up redirectors for 0 collections in 0.000177 seconds (updated 0 objects)
[2018.09.04-03.12.28:563][  3]LogSlate: FSceneViewport::OnFocusLost() reason 0
[2018.09.04-03.12.28:621][  8]LogTemp: Repeating last play command: Selected Viewport
[2018.09.04-03.12.28:734][  8]LogBlueprintUserMessages: Early PlayInEditor Detection: Level '/Game/ThirdPersonBP/Maps/ThirdPersonExampleMap.ThirdPersonExampleMap:PersistentLevel' has LevelScriptBlueprint '/Game/ThirdPersonBP/Maps/ThirdPersonExampleMap.ThirdPersonExampleMap:PersistentLevel.ThirdPersonExampleMap' with GeneratedClass '/Game/ThirdPersonBP/Maps/ThirdPersonExampleMap.ThirdPersonExampleMap_C' with ClassGeneratedBy '/Game/ThirdPersonBP/Maps/ThirdPersonExampleMap.ThirdPersonExampleMap:PersistentLevel.ThirdPersonExampleMap'
[2018.09.04-03.12.28:943][  8]LogPlayLevel: PlayLevel: No blueprints needed recompiling
[2018.09.04-03.12.29:296][  8]PIE: New page: PIE session: ThirdPersonExampleMap (Sep 3, 2018, 1:12:29 PM)
[2018.09.04-03.12.29:317][  8]LogPlayLevel: Creating play world package: /Game/ThirdPersonBP/Maps/UEDPIE_0_ThirdPersonExampleMap
[2018.09.04-03.12.29:575][  8]LogPlayLevel: PIE: StaticDuplicateObject took: (0.258567s)
[2018.09.04-03.12.29:587][  8]LogAIModule: Creating AISystem for world ThirdPersonExampleMap
[2018.09.04-03.12.29:615][  8]LogPlayLevel: PIE: World Init took: (0.028558s)
[2018.09.04-03.12.29:615][  8]LogPlayLevel: PIE: Created PIE world by copying editor world from /Game/ThirdPersonBP/Maps/ThirdPersonExampleMap.ThirdPersonExampleMap to /Game/ThirdPersonBP/Maps/UEDPIE_0_ThirdPersonExampleMap.ThirdPersonExampleMap (0.298548s)
[2018.09.04-03.12.29:711][  8]LogInit: XAudio2 using 'Speakers (Realtek High Definition Audio)' : 2 channels at 48 kHz using 32 bits per sample (channel mask 0x3)
[2018.09.04-03.12.29:818][  8]LogInit: FAudioDevice initialized.
[2018.09.04-03.12.29:990][  8]LogLoad: Game class is 'ThirdPersonGameMode_C'
[2018.09.04-03.12.30:197][  8]LogWorld: Bringing World /Game/ThirdPersonBP/Maps/UEDPIE_0_ThirdPersonExampleMap.ThirdPersonExampleMap up for play (max tick rate 0) at 2018.09.03-20.12.30
[2018.09.04-03.12.30:312][  8]LogWorld: Bringing up level for play took: 0.129378
[2018.09.04-03.12.30:485][  8]LogContentBrowser: Native class hierarchy updated for 'MovieSceneCapture' in 0.0003 seconds. Added 11 classes and 0 folders.
[2018.09.04-03.12.30:642][  8]PIE: Play in editor start time for /Game/ThirdPersonBP/Maps/UEDPIE_0_ThirdPersonExampleMap 1.374
[2018.09.04-03.12.30:642][  8]LogBlueprintUserMessages: Late PlayInEditor Detection: Level '/Game/ThirdPersonBP/Maps/ThirdPersonExampleMap.ThirdPersonExampleMap:PersistentLevel' has LevelScriptBlueprint '/Game/ThirdPersonBP/Maps/ThirdPersonExampleMap.ThirdPersonExampleMap:PersistentLevel.ThirdPersonExampleMap' with GeneratedClass '/Game/ThirdPersonBP/Maps/ThirdPersonExampleMap.ThirdPersonExampleMap_C' with ClassGeneratedBy '/Game/ThirdPersonBP/Maps/ThirdPersonExampleMap.ThirdPersonExampleMap:PersistentLevel.ThirdPersonExampleMap'
[2018.09.04-03.12.51:780][432]LogBlueprintUserMessages: Early EndPlayMap Detection: Level '/Game/ThirdPersonBP/Maps/ThirdPersonExampleMap.ThirdPersonExampleMap:PersistentLevel' has LevelScriptBlueprint '/Game/ThirdPersonBP/Maps/ThirdPersonExampleMap.ThirdPersonExampleMap:PersistentLevel.ThirdPersonExampleMap' with GeneratedClass '/Game/ThirdPersonBP/Maps/ThirdPersonExampleMap.ThirdPersonExampleMap_C' with ClassGeneratedBy '/Game/ThirdPersonBP/Maps/ThirdPersonExampleMap.ThirdPersonExampleMap:PersistentLevel.ThirdPersonExampleMap'
[2018.09.04-03.12.52:224][432]LogBlueprintUserMessages: Late EndPlayMap Detection: Level '/Game/ThirdPersonBP/Maps/ThirdPersonExampleMap.ThirdPersonExampleMap:PersistentLevel' has LevelScriptBlueprint '/Game/ThirdPersonBP/Maps/ThirdPersonExampleMap.ThirdPersonExampleMap:PersistentLevel.ThirdPersonExampleMap' with GeneratedClass '/Game/ThirdPersonBP/Maps/ThirdPersonExampleMap.ThirdPersonExampleMap_C' with ClassGeneratedBy '/Game/ThirdPersonBP/Maps/ThirdPersonExampleMap.ThirdPersonExampleMap:PersistentLevel.ThirdPersonExampleMap'
[2018.09.04-03.13.04:000][773]Cmd: POLY SELECT MEMORY UNION
[2018.09.04-03.14.00:555][853]LogEditorViewport: Clicking on Actor (LMB): Landscape (Landscape)
[2018.09.04-03.14.03:318][ 92]LogSlate: FSceneViewport::OnFocusLost() reason 0
[2018.09.04-03.14.03:715][103]LogActorFactory: Actor Factory created Cube
[2018.09.04-03.14.04:857][186]LogActorFactory: Actor Factory created Cube
[2018.09.04-03.15.32:021][170]Cmd: SELECT NONE
[2018.09.04-03.15.33:014][257]Cmd: SELECT NONE
[2018.09.04-03.15.35:822][561]LogSlate: FSceneViewport::OnFocusLost() reason 0
[2018.09.04-03.16.08:489][274]LogSlate: Took 0.000447 seconds to synchronously load lazily loaded font '../../../Engine/Content/Slate/Fonts/Roboto-Light.ttf' (167K)
[2018.09.04-03.16.09:779][274]LogContentBrowser: Native class hierarchy updated for 'BlueprintGraph' in 0.0006 seconds. Added 116 classes and 0 folders.
[2018.09.04-03.16.10:576][274]LogUObjectGlobals: Created PersistentFrame Addr=0x0000022a438de2e8, Size=4, Default__SKEL_PROTO_BP_AnimBlueprint_0_C Function /Engine/Transient.SKEL_PROTO_BP_AnimBlueprint_0_C:ExecuteUbergraph_PROTO_BP_AnimBlueprint_0
[2018.09.04-03.16.10:617][274]LogUObjectGlobals: Created PersistentFrame Addr=0x0000022a438de2e0, Size=4, Default__PROTO_BP_AnimBlueprint_0_C Function /Engine/Transient.PROTO_BP_AnimBlueprint_0_C:ExecuteUbergraph_PROTO_BP_AnimBlueprint_0
[2018.09.04-03.16.12:248][274]LogSlate: Took 0.020540 seconds to synchronously load lazily loaded font '../../../Engine/Content/Slate/Fonts/Roboto-BoldCondensed.ttf' (158K)
[2018.09.04-03.16.12:898][275]LogSlate: Took 0.019873 seconds to synchronously load lazily loaded font '../../../Engine/Content/Slate/Fonts/Roboto-Italic.ttf' (157K)
[2018.09.04-03.17.07:372][635]LogEditorViewport: Clicking on Actor (LMB): BP_CartoonWater_RiverTool_C (BP_CartoonWater_RiverTool)
[2018.09.04-03.17.29:817][940]LogSlate: FSceneViewport::OnFocusLost() reason 0
[2018.09.04-03.19.21:155][520]LogSlate: Window 'BP_CartoonWater_RiverTool' being destroyed
[2018.09.04-03.20.00:582][659]LogSlate: FSceneViewport::OnFocusLost() reason 0
[2018.09.04-03.20.03:402][670]LogSlate: Window 'Save Content' being destroyed
[2018.09.04-03.20.03:601][670]LogSlate: Window 'ProjectGoober - Unreal Editor' being destroyed
[2018.09.04-03.20.03:926][671]Cmd: QUIT_EDITOR
[2018.09.04-03.20.04:347][671]LogWindowsTextInputMethodSystem: Display: IME system now deactivated.
[2018.09.04-03.20.04:364][671]LogSlate: Slate User Destroyed.  User Index 0, Is Virtual User: 0
[2018.09.04-03.20.04:384][671]LogExit: Preparing to exit.
[2018.09.04-03.20.05:903][671]LogDirectoryWatcher: A directory notification for 'D:/PersonalProjects/ProjectGoober/ProjectGoober/Content/' was aborted.
[2018.09.04-03.20.06:284][671]LogExit: Editor shut down
[2018.09.04-03.20.06:290][671]LogExit: Transaction tracking system shut down
[2018.09.04-03.20.06:290][671]LogUObjectGlobals: Destroyed PersistentFrame Addr=0x0000022a02b57dd0, Size=72
[2018.09.04-03.20.06:291][671]LogUObjectGlobals: Destroyed PersistentFrame Addr=0x0000022a02aa7880, Size=320
[2018.09.04-03.20.06:293][671]LogUObjectGlobals: Destroyed PersistentFrame Addr=0x0000022a06e588e0, Size=208
[2018.09.04-03.20.06:303][671]LogUObjectGlobals: Destroyed PersistentFrame Addr=0x0000022a438de2e8, Size=4
[2018.09.04-03.20.06:303][671]LogUObjectGlobals: Destroyed PersistentFrame Addr=0x0000022a438de2e0, Size=4
[2018.09.04-03.20.06:537][671]LogDirectoryWatcher: A directory notification for '../../../Engine/Content/' was aborted.
[2018.09.04-03.20.06:537][671]LogDirectoryWatcher: A directory notification for '../../../../../PersonalProjects/ProjectGoober/ProjectGoober/Content/' was aborted.
[2018.09.04-03.20.06:537][671]LogDirectoryWatcher: A directory notification for '../../Plugins/2D/Paper2D/Content/' was aborted.
[2018.09.04-03.20.06:538][671]LogDirectoryWatcher: A directory notification for '../../Plugins/Enterprise/DatasmithContent/Content/' was aborted.
[2018.09.04-03.20.06:538][671]LogDirectoryWatcher: A directory notification for '../../Plugins/Media/MediaCompositing/Content/' was aborted.
[2018.09.04-03.20.06:538][671]LogDirectoryWatcher: A directory notification for '../../Plugins/Runtime/AppleARKit/Content/' was aborted.
[2018.09.04-03.20.06:538][671]LogDirectoryWatcher: A directory notification for '../../Plugins/Runtime/Oculus/OculusVR/Content/' was aborted.
[2018.09.04-03.20.06:538][671]LogDirectoryWatcher: A directory notification for '../../Plugins/Runtime/Steam/SteamVR/Content/' was aborted.
[2018.09.04-03.20.08:193][671]LogExit: Object subsystem successfully closed.
[2018.09.04-03.20.08:447][671]LogShaderCompilers: Display: Shaders left to compile 0
[2018.09.04-03.20.08:461][671]LogD3D11RHI: Shutdown
[2018.09.04-03.20.08:461][671]LogD3D11RHI: CleanupD3DDevice
[2018.09.04-03.20.08:509][671]LogD3D11RHI: ~FD3D11DynamicRHI
[2018.09.04-03.20.10:159][671]LogModuleManager: Shutting down and abandoning module BlueprintGraph (578)
[2018.09.04-03.20.10:159][671]LogModuleManager: Shutting down and abandoning module MovieSceneCapture (576)
[2018.09.04-03.20.10:159][671]LogModuleManager: Shutting down and abandoning module HierarchicalLODOutliner (574)
[2018.09.04-03.20.10:159][671]LogModuleManager: Shutting down and abandoning module SceneOutliner (572)
[2018.09.04-03.20.10:159][671]LogModuleManager: Shutting down and abandoning module AddContentDialog (570)
[2018.09.04-03.20.10:201][671]LogDirectoryWatcher: A directory notification for 'D:/Epic Games/UE_4.19/FeaturePacks/' was aborted.
[2018.09.04-03.20.10:296][671]LogModuleManager: Shutting down and abandoning module WidgetCarousel (569)
[2018.09.04-03.20.10:296][671]LogModuleManager: Shutting down and abandoning module EditorWidgets (566)
[2018.09.04-03.20.10:296][671]LogModuleManager: Shutting down and abandoning module CollectionManager (564)
[2018.09.04-03.20.10:296][671]LogDirectoryWatcher: A directory notification for 'D:/PersonalProjects/ProjectGoober/ProjectGoober/Content/Collections/' was aborted.
[2018.09.04-03.20.10:296][671]LogDirectoryWatcher: A directory notification for 'D:/PersonalProjects/ProjectGoober/ProjectGoober/Content/Developers/glash/Collections/' was aborted.
[2018.09.04-03.20.10:296][671]LogDirectoryWatcher: A directory notification for 'D:/PersonalProjects/ProjectGoober/ProjectGoober/Saved/Collections/' was aborted.
[2018.09.04-03.20.10:296][671]LogModuleManager: Shutting down and abandoning module StatsViewer (562)
[2018.09.04-03.20.10:311][671]LogModuleManager: Shutting down and abandoning module FoliageEdit (560)
[2018.09.04-03.20.10:311][671]LogModuleManager: Shutting down and abandoning module LandscapeEditor (558)
[2018.09.04-03.20.10:312][671]LogModuleManager: Shutting down and abandoning module MeshPaintMode (556)
[2018.09.04-03.20.10:312][671]LogModuleManager: Shutting down and abandoning module SceneDepthPickerMode (554)
[2018.09.04-03.20.10:312][671]LogModuleManager: Shutting down and abandoning module ActorPickerMode (552)
[2018.09.04-03.20.10:312][671]LogModuleManager: Shutting down and abandoning module GeometryMode (550)
[2018.09.04-03.20.10:332][671]LogModuleManager: Shutting down and abandoning module TextureAlignMode (548)
[2018.09.04-03.20.10:332][671]LogModuleManager: Shutting down and abandoning module BspMode (546)
[2018.09.04-03.20.10:332][671]LogModuleManager: Shutting down and abandoning module PIEPreviewDeviceProfileSelector (544)
[2018.09.04-03.20.10:332][671]LogModuleManager: Shutting down and abandoning module HardwareSurvey (542)
[2018.09.04-03.20.10:332][671]LogModuleManager: Shutting down and abandoning module SequenceRecorderSections (540)
[2018.09.04-03.20.10:362][671]LogModuleManager: Shutting down and abandoning module AutomationWorker (538)
[2018.09.04-03.20.10:362][671]LogModuleManager: Shutting down and abandoning module AudioCaptureEditor (536)
[2018.09.04-03.20.10:362][671]LogModuleManager: Shutting down and abandoning module SequenceRecorder (535)
[2018.09.04-03.20.10:371][671]LogModuleManager: Shutting down and abandoning module MatineeToLevelSequence (532)
[2018.09.04-03.20.10:379][671]LogModuleManager: Shutting down and abandoning module LevelSequenceEditor (530)
[2018.09.04-03.20.10:481][671]LogModuleManager: Shutting down and abandoning module PlacementMode (529)
[2018.09.04-03.20.10:481][671]LogModuleManager: Shutting down and abandoning module MaterialEditor (528)
[2018.09.04-03.20.10:592][671]LogModuleManager: Shutting down and abandoning module WmfMediaFactory (524)
[2018.09.04-03.20.10:592][671]LogModuleManager: Shutting down and abandoning module WmfMediaEditor (522)
[2018.09.04-03.20.10:592][671]LogModuleManager: Shutting down and abandoning module MediaPlayerEditor (520)
[2018.09.04-03.20.10:721][671]LogModuleManager: Shutting down and abandoning module OpenExrWrapper (518)
[2018.09.04-03.20.10:721][671]LogModuleManager: Shutting down and abandoning module ImgMediaFactory (516)
[2018.09.04-03.20.10:721][671]LogModuleManager: Shutting down and abandoning module ImgMediaEditor (514)
[2018.09.04-03.20.10:721][671]LogModuleManager: Shutting down and abandoning module AvfMediaFactory (512)
[2018.09.04-03.20.10:721][671]LogModuleManager: Shutting down and abandoning module AvfMediaEditor (510)
[2018.09.04-03.20.10:721][671]LogModuleManager: Shutting down and abandoning module AndroidMediaFactory (508)
[2018.09.04-03.20.10:722][671]LogModuleManager: Shutting down and abandoning module AndroidMediaEditor (506)
[2018.09.04-03.20.10:722][671]LogModuleManager: Shutting down and abandoning module CharacterAI (504)
[2018.09.04-03.20.10:722][671]LogModuleManager: Shutting down and abandoning module SmartSnapping (502)
[2018.09.04-03.20.10:722][671]LogModuleManager: Shutting down and abandoning module SessionServices (500)
[2018.09.04-03.20.10:722][671]LogModuleManager: Shutting down and abandoning module ViewportSnapping (498)
[2018.09.04-03.20.10:722][671]LogModuleManager: Shutting down and abandoning module ViewportInteraction (496)
[2018.09.04-03.20.10:722][671]LogModuleManager: Shutting down and abandoning module ClothPainter (494)
[2018.09.04-03.20.10:740][671]LogModuleManager: Shutting down and abandoning module SkeletalMeshEditor (493)
[2018.09.04-03.20.10:761][671]LogModuleManager: Shutting down and abandoning module LogVisualizer (490)
[2018.09.04-03.20.10:789][671]LogModuleManager: Shutting down and abandoning module IntroTutorials (488)
[2018.09.04-03.20.10:840][671]LogModuleManager: Shutting down and abandoning module GameProjectGeneration (487)
[2018.09.04-03.20.10:885][671]LogModuleManager: Shutting down and abandoning module IOSPlatformEditor (484)
[2018.09.04-03.20.10:885][671]LogModuleManager: Shutting down and abandoning module HTML5PlatformEditor (482)
[2018.09.04-03.20.10:886][671]LogModuleManager: Shutting down and abandoning module AndroidPlatformEditor (480)
[2018.09.04-03.20.10:886][671]LogModuleManager: Shutting down and abandoning module AndroidDeviceDetection (479)
[2018.09.04-03.20.11:037][671]LogModuleManager: Shutting down and abandoning module WindowsPlatformEditor (476)
[2018.09.04-03.20.11:037][671]LogModuleManager: Shutting down and abandoning module IOSRuntimeSettings (474)
[2018.09.04-03.20.11:037][671]LogModuleManager: Shutting down and abandoning module AndroidRuntimeSettings (472)
[2018.09.04-03.20.11:037][671]LogModuleManager: Shutting down and abandoning module InputBindingEditor (470)
[2018.09.04-03.20.11:054][671]LogModuleManager: Shutting down and abandoning module MergeActors (468)
[2018.09.04-03.20.11:073][671]LogModuleManager: Shutting down and abandoning module LocalizationDashboard (466)
[2018.09.04-03.20.11:082][671]LogModuleManager: Shutting down and abandoning module LocalizationService (465)
[2018.09.04-03.20.11:098][671]LogModuleManager: Shutting down and abandoning module HardwareTargeting (462)
[2018.09.04-03.20.11:098][671]LogModuleManager: Shutting down and abandoning module DeviceProfileEditor (460)
[2018.09.04-03.20.11:121][671]LogModuleManager: Shutting down and abandoning module UndoHistory (458)
[2018.09.04-03.20.11:121][671]LogModuleManager: Shutting down and abandoning module XmlParser (456)
[2018.09.04-03.20.11:139][671]LogModuleManager: Shutting down and abandoning module Blutility (454)
[2018.09.04-03.20.11:139][671]LogModuleManager: Shutting down and abandoning module ProjectSettingsViewer (452)
[2018.09.04-03.20.11:139][671]LogModuleManager: Shutting down and abandoning module ProjectTargetPlatformEditor (451)
[2018.09.04-03.20.11:139][671]LogModuleManager: Shutting down and abandoning module EditorSettingsViewer (448)
[2018.09.04-03.20.11:139][671]LogModuleManager: Shutting down and abandoning module SettingsEditor (446)
[2018.09.04-03.20.11:149][671]LogModuleManager: Shutting down and abandoning module ProjectLauncher (444)
[2018.09.04-03.20.11:163][671]LogModuleManager: Shutting down and abandoning module SessionFrontend (442)
[2018.09.04-03.20.11:179][671]LogModuleManager: Shutting down and abandoning module ProfilerClient (440)
[2018.09.04-03.20.11:185][671]LogModuleManager: Shutting down and abandoning module DeviceManager (438)
[2018.09.04-03.20.11:195][671]LogModuleManager: Shutting down and abandoning module TargetDeviceServices (437)
[2018.09.04-03.20.11:262][671]LogModuleManager: Shutting down and abandoning module AutomationController (434)
[2018.09.04-03.20.11:278][671]LogModuleManager: Shutting down and abandoning module AutomationWindow (432)
[2018.09.04-03.20.11:296][671]LogModuleManager: Shutting down and abandoning module Layers (430)
[2018.09.04-03.20.11:313][671]LogModuleManager: Shutting down and abandoning module ComponentVisualizers (428)
[2018.09.04-03.20.11:313][671]LogModuleManager: Shutting down and abandoning module DetailCustomizations (426)
[2018.09.04-03.20.11:313][671]LogModuleManager: Shutting down and abandoning module PackagesDialog (424)
[2018.09.04-03.20.11:313][671]LogModuleManager: Shutting down and abandoning module Persona (422)
[2018.09.04-03.20.11:398][671]LogModuleManager: Shutting down and abandoning module AdvancedPreviewScene (421)
[2018.09.04-03.20.11:398][671]LogModuleManager: Shutting down and abandoning module AnimGraph (419)
[2018.09.04-03.20.11:399][671]LogModuleManager: Shutting down and abandoning module Kismet (416)
[2018.09.04-03.20.11:484][671]LogModuleManager: Shutting down and abandoning module GraphEditor (414)
[2018.09.04-03.20.11:484][671]LogModuleManager: Shutting down and abandoning module ClassViewer (412)
[2018.09.04-03.20.11:484][671]LogModuleManager: Shutting down and abandoning module Toolbox (410)
[2018.09.04-03.20.11:484][671]LogModuleManager: Shutting down and abandoning module ModuleUI (408)
[2018.09.04-03.20.11:532][671]LogModuleManager: Shutting down and abandoning module MovieSceneTools (406)
[2018.09.04-03.20.11:620][671]LogModuleManager: Shutting down and abandoning module OutputLog (404)
[2018.09.04-03.20.11:631][671]LogModuleManager: Shutting down and abandoning module GammaUI (402)
[2018.09.04-03.20.11:649][671]LogModuleManager: Shutting down and abandoning module Documentation (400)
[2018.09.04-03.20.11:649][671]LogModuleManager: Shutting down and abandoning module MovieSceneTracks (398)
[2018.09.04-03.20.11:649][671]LogModuleManager: Shutting down and abandoning module MovieScene (396)
[2018.09.04-03.20.11:649][671]LogModuleManager: Shutting down and abandoning module StreamingPauseRendering (394)
[2018.09.04-03.20.11:649][671]LogModuleManager: Shutting down and abandoning module LauncherPlatform (392)
[2018.09.04-03.20.11:649][671]LogModuleManager: Shutting down and abandoning module AnalyticsET (390)
[2018.09.04-03.20.11:649][671]LogModuleManager: Shutting down and abandoning module PortalServices (388)
[2018.09.04-03.20.11:649][671]LogModuleManager: Shutting down and abandoning module PortalRpc (386)
[2018.09.04-03.20.11:649][671]LogModuleManager: Shutting down and abandoning module MessagingRpc (384)
[2018.09.04-03.20.11:649][671]LogModuleManager: Shutting down and abandoning module AIModule (382)
[2018.09.04-03.20.11:649][671]LogModuleManager: Shutting down and abandoning module GameplayDebugger (381)
[2018.09.04-03.20.11:649][671]LogModuleManager: Shutting down and abandoning module AITestSuite (379)
[2018.09.04-03.20.11:667][671]LogModuleManager: Shutting down and abandoning module DesktopPlatform (376)
[2018.09.04-03.20.11:683][671]LogModuleManager: Shutting down and abandoning module ProfilerService (374)
[2018.09.04-03.20.11:892][671]LogModuleManager: Shutting down and abandoning module TaskGraph (372)
[2018.09.04-03.20.11:892][671]LogModuleManager: Shutting down and abandoning module SteamVRController (370)
[2018.09.04-03.20.11:892][671]LogModuleManager: Shutting down and abandoning module ProceduralMeshComponentEditor (368)
[2018.09.04-03.20.11:892][671]LogModuleManager: Shutting down and abandoning module ProceduralMeshComponent (366)
[2018.09.04-03.20.11:892][671]LogModuleManager: Shutting down and abandoning module OculusInput (364)
[2018.09.04-03.20.11:892][671]LogModuleManager: Shutting down and abandoning module MobilePatchingUtils (362)
[2018.09.04-03.20.11:892][671]LogModuleManager: Shutting down and abandoning module CustomMeshComponent (360)
[2018.09.04-03.20.11:892][671]LogModuleManager: Shutting down and abandoning module CableComponent (358)
[2018.09.04-03.20.11:898][671]LogModuleManager: Shutting down and abandoning module AudioCapture (356)
[2018.09.04-03.20.11:898][671]LogModuleManager: Shutting down and abandoning module ArchVisCharacter (354)
[2018.09.04-03.20.11:898][671]LogModuleManager: Shutting down and abandoning module AndroidPermission (352)
[2018.09.04-03.20.11:898][671]LogModuleManager: Shutting down and abandoning module NUTUnrealEngine4 (348)
[2018.09.04-03.20.11:898][671]LogModuleManager: Shutting down and abandoning module NetcodeUnitTest (346)
[2018.09.04-03.20.12:032][671]LogModuleManager: Shutting down and abandoning module MediaCompositingEditor (344)
[2018.09.04-03.20.12:032][671]LogModuleManager: Shutting down and abandoning module MediaCompositing (342)
[2018.09.04-03.20.12:032][671]LogModuleManager: Shutting down and abandoning module LinearTimecode (340)
[2018.09.04-03.20.12:032][671]LogModuleManager: Shutting down and abandoning module ImgMedia (338)
[2018.09.04-03.20.12:099][671]LogModuleManager: Shutting down and abandoning module HTML5Networking (336)
[2018.09.04-03.20.12:100][671]LogModuleManager: Shutting down and abandoning module AlembicImporter (334)
[2018.09.04-03.20.12:139][671]LogModuleManager: Shutting down and abandoning module AlembicLibrary (333)
[2018.09.04-03.20.12:139][671]LogModuleManager: Shutting down and abandoning module GeometryCache (332)
[2018.09.04-03.20.12:139][671]LogModuleManager: Shutting down and abandoning module GeometryCacheEd (331)
[2018.09.04-03.20.12:139][671]LogModuleManager: Shutting down and abandoning module DatasmithContent (326)
[2018.09.04-03.20.12:139][671]LogModuleManager: Shutting down and abandoning module SpeedTreeImporter (324)
[2018.09.04-03.20.12:139][671]LogModuleManager: Shutting down and abandoning module PluginBrowser (322)
[2018.09.04-03.20.12:251][671]LogModuleManager: Shutting down and abandoning module MobileLauncherProfileWizard (320)
[2018.09.04-03.20.12:298][671]LogModuleManager: Shutting down and abandoning module CryptoKeysOpenSSL (318)
[2018.09.04-03.20.12:345][671]LogModuleManager: Shutting down and abandoning module CryptoKeys (316)
[2018.09.04-03.20.12:345][671]LogModuleManager: Shutting down and abandoning module VisualStudioSourceCodeAccess (314)
[2018.09.04-03.20.12:389][671]LogModuleManager: Shutting down and abandoning module VisualStudioCodeSourceCodeAccess (312)
[2018.09.04-03.20.12:389][671]LogModuleManager: Shutting down and abandoning module UObjectPlugin (310)
[2018.09.04-03.20.12:389][671]LogModuleManager: Shutting down and abandoning module SubversionSourceControl (308)
[2018.09.04-03.20.12:422][671]LogModuleManager: Shutting down and abandoning module PerforceSourceControl (306)
[2018.09.04-03.20.12:492][671]LogModuleManager: Shutting down and abandoning module GitSourceControl (304)
[2018.09.04-03.20.12:546][671]LogModuleManager: Shutting down and abandoning module SourceControl (303)
[2018.09.04-03.20.12:547][671]LogModuleManager: Shutting down and abandoning module CLionSourceCodeAccess (300)
[2018.09.04-03.20.12:610][671]LogModuleManager: Shutting down and abandoning module LightPropagationVolumeEditor (298)
[2018.09.04-03.20.12:610][671]LogModuleManager: Shutting down and abandoning module PaperTiledImporter (296)
[2018.09.04-03.20.12:610][671]LogModuleManager: Shutting down and abandoning module PaperSpriteSheetImporter (294)
[2018.09.04-03.20.12:610][671]LogModuleManager: Shutting down and abandoning module Paper2DEditor (292)
[2018.09.04-03.20.12:717][671]LogModuleManager: Shutting down and abandoning module MeshPaint (291)
[2018.09.04-03.20.13:176][671]LogModuleManager: Shutting down and abandoning module RuntimePhysXCooking (288)
[2018.09.04-03.20.13:176][671]LogModuleManager: Shutting down and abandoning module PhysXVehiclesEditor (286)
[2018.09.04-03.20.13:176][671]LogModuleManager: Shutting down and abandoning module PhysXVehicles (284)
[2018.09.04-03.20.13:176][671]LogModuleManager: Shutting down and abandoning module OculusEditor (282)
[2018.09.04-03.20.13:176][671]LogModuleManager: Shutting down and abandoning module LocationServicesBPLibrary (280)
[2018.09.04-03.20.13:176][671]LogModuleManager: Shutting down and abandoning module ImmediatePhysicsEditor (278)
[2018.09.04-03.20.13:176][671]LogModuleManager: Shutting down and abandoning module ImmediatePhysics (276)
[2018.09.04-03.20.13:176][671]LogModuleManager: Shutting down and abandoning module ActorSequence (274)
[2018.09.04-03.20.13:177][671]LogModuleManager: Shutting down and abandoning module UdpMessaging (272)
[2018.09.04-03.20.13:278][671]LogModuleManager: Shutting down and abandoning module TcpMessaging (270)
[2018.09.04-03.20.13:436][671]LogModuleManager: Shutting down and abandoning module GameplayTagsEditor (268)
[2018.09.04-03.20.13:668][671]LogModuleManager: Shutting down and abandoning module FacialAnimationEditor (266)
[2018.09.04-03.20.13:668][671]LogModuleManager: Shutting down and abandoning module FacialAnimation (264)
[2018.09.04-03.20.13:668][671]LogModuleManager: Shutting down and abandoning module DataValidation (262)
[2018.09.04-03.20.13:733][671]LogModuleManager: Shutting down and abandoning module AssetManagerEditor (260)
[2018.09.04-03.20.13:878][671]LogModuleManager: Shutting down and abandoning module LevelEditor (259)
[2018.09.04-03.20.13:975][671]LogModuleManager: Shutting down and abandoning module PixelInspectorModule (258)
[2018.09.04-03.20.14:002][671]LogModuleManager: Shutting down and abandoning module CommonMenuExtensions (256)
[2018.09.04-03.20.14:002][671]LogModuleManager: Shutting down and abandoning module MainFrame (254)
[2018.09.04-03.20.14:002][671]LogModuleManager: Shutting down and abandoning module HotReload (253)
[2018.09.04-03.20.14:077][671]LogModuleManager: Shutting down and abandoning module ContentBrowser (249)
[2018.09.04-03.20.14:078][671]LogModuleManager: Shutting down and abandoning module TreeMap (247)
[2018.09.04-03.20.14:180][671]LogModuleManager: Shutting down and abandoning module LightPropagationVolumeRuntime (244)
[2018.09.04-03.20.14:180][671]LogModuleManager: Shutting down and abandoning module LiveLinkEditor (242)
[2018.09.04-03.20.14:226][671]LogModuleManager: Shutting down and abandoning module LiveLink (240)
[2018.09.04-03.20.15:108][671]LogModuleManager: Shutting down and abandoning module Paper2D (238)
[2018.09.04-03.20.15:108][671]LogModuleManager: Shutting down and abandoning module WindowsMoviePlayer (236)
[2018.09.04-03.20.15:108][671]LogModuleManager: Shutting down and abandoning module WmfMedia (234)
[2018.09.04-03.20.15:110][671]LogModuleManager: Shutting down and abandoning module Media (233)
[2018.09.04-03.20.15:116][671]LogModuleManager: Shutting down and abandoning module PacketHandler (230)
[2018.09.04-03.20.15:116][671]LogModuleManager: Shutting down and abandoning module ClothingSystemEditor (228)
[2018.09.04-03.20.15:116][671]LogModuleManager: Shutting down and abandoning module ClothingSystemRuntime (226)
[2018.09.04-03.20.15:116][671]LogModuleManager: Shutting down and abandoning module MediaAssets (224)
[2018.09.04-03.20.15:116][671]LogModuleManager: Shutting down and abandoning module Overlay (222)
[2018.09.04-03.20.15:116][671]LogModuleManager: Shutting down and abandoning module OverlayEditor (221)
[2018.09.04-03.20.15:117][671]LogModuleManager: Shutting down and abandoning module VREditor (218)
[2018.09.04-03.20.15:117][671]LogModuleManager: Shutting down and abandoning module StringTableEditor (216)
[2018.09.04-03.20.15:117][671]LogModuleManager: Shutting down and abandoning module GameplayTasksEditor (214)
[2018.09.04-03.20.15:117][671]LogModuleManager: Shutting down and abandoning module BehaviorTreeEditor (212)
[2018.09.04-03.20.15:117][671]LogModuleManager: Shutting down and abandoning module FunctionalTesting (210)
[2018.09.04-03.20.15:117][671]LogModuleManager: Shutting down and abandoning module CollisionAnalyzer (208)
[2018.09.04-03.20.15:117][671]LogModuleManager: Shutting down and abandoning module WorkspaceMenuStructure (207)
[2018.09.04-03.20.15:117][671]LogModuleManager: Shutting down and abandoning module UMG (204)
[2018.09.04-03.20.15:117][671]LogModuleManager: Shutting down and abandoning module UMGEditor (203)
[2018.09.04-03.20.15:117][671]LogModuleManager: Shutting down and abandoning module Sequencer (202)
[2018.09.04-03.20.15:117][671]LogModuleManager: Shutting down and abandoning module MessageLog (199)
[2018.09.04-03.20.15:117][671]LogModuleManager: Shutting down and abandoning module SlateReflector (194)
[2018.09.04-03.20.15:243][671]LogModuleManager: Shutting down and abandoning module Slate (192)
[2018.09.04-03.20.15:243][671]LogModuleManager: Shutting down and abandoning module EditorStyle (190)
[2018.09.04-03.20.15:245][671]LogModuleManager: Shutting down and abandoning module MRMesh (188)
[2018.09.04-03.20.15:245][671]LogModuleManager: Shutting down and abandoning module SourceCodeAccess (186)
[2018.09.04-03.20.15:245][671]LogModuleManager: Shutting down and abandoning module HeadMountedDisplay (184)
[2018.09.04-03.20.15:245][671]LogModuleManager: Shutting down and abandoning module XAudio2 (182)
[2018.09.04-03.20.15:245][671]LogModuleManager: Shutting down and abandoning module Networking (180)
[2018.09.04-03.20.15:245][671]LogModuleManager: Shutting down and abandoning module Core (178)
[2018.09.04-03.20.15:245][671]LogModuleManager: Shutting down and abandoning module LevelSequence (176)
[2018.09.04-03.20.15:245][671]LogModuleManager: Shutting down and abandoning module KismetCompiler (174)
[2018.09.04-03.20.15:245][671]LogModuleManager: Shutting down and abandoning module MeshUtilities (172)
[2018.09.04-03.20.15:319][671]LogModuleManager: Shutting down and abandoning module MeshMergeUtilities (171)
[2018.09.04-03.20.15:319][671]LogModuleManager: Shutting down and abandoning module MeshReductionInterface (170)
[2018.09.04-03.20.15:319][671]LogModuleManager: Shutting down and abandoning module SimplygonSwarm (169)
[2018.09.04-03.20.15:350][671]LogModuleManager: Shutting down and abandoning module SimplygonMeshReduction (167)
[2018.09.04-03.20.15:385][671]LogModuleManager: Shutting down and abandoning module QuadricMeshReduction (165)
[2018.09.04-03.20.15:431][671]LogModuleManager: Shutting down and abandoning module MaterialBaking (161)
[2018.09.04-03.20.15:464][671]LogModuleManager: Shutting down and abandoning module DirectoryWatcher (157)
[2018.09.04-03.20.15:466][671]LogModuleManager: Shutting down and abandoning module DerivedDataCache (154)
[2018.09.04-03.20.15:477][671]LogDerivedDataCache: Shutdown
[2018.09.04-03.20.15:477][671]LogModuleManager: Shutting down and abandoning module XGEController (152)
[2018.09.04-03.20.15:477][671]LogModuleManager: Shutting down and abandoning module TargetPlatform (150)
[2018.09.04-03.20.15:477][671]LogModuleManager: Shutting down and abandoning module VulkanShaderFormat (149)
[2018.09.04-03.20.15:513][671]LogModuleManager: Shutting down and abandoning module ShaderFormatVectorVM (147)
[2018.09.04-03.20.15:542][671]LogModuleManager: Shutting down and abandoning module ShaderFormatOpenGL (145)
[2018.09.04-03.20.15:565][671]LogModuleManager: Shutting down and abandoning module ShaderFormatD3D (143)
[2018.09.04-03.20.15:631][671]LogModuleManager: Shutting down and abandoning module MetalShaderFormat (141)
[2018.09.04-03.20.15:690][671]LogModuleManager: Shutting down and abandoning module TextureFormatUncompressed (139)
[2018.09.04-03.20.15:691][671]LogModuleManager: Shutting down and abandoning module TextureFormatPVR (137)
[2018.09.04-03.20.15:691][671]LogModuleManager: Shutting down and abandoning module TextureFormatDXT (135)
[2018.09.04-03.20.15:691][671]LogModuleManager: Shutting down and abandoning module TextureFormatIntelISPCTexComp (133)
[2018.09.04-03.20.15:747][671]LogModuleManager: Shutting down and abandoning module TextureFormatASTC (131)
[2018.09.04-03.20.15:747][671]LogModuleManager: Shutting down and abandoning module ImageWrapper (130)
[2018.09.04-03.20.15:747][671]LogModuleManager: Shutting down and abandoning module TextureFormatAndroid (127)
[2018.09.04-03.20.15:747][671]LogModuleManager: Shutting down and abandoning module AudioFormatOpus (125)
[2018.09.04-03.20.15:747][671]LogModuleManager: Shutting down and abandoning module AudioFormatOgg (123)
[2018.09.04-03.20.15:747][671]LogModuleManager: Shutting down and abandoning module AudioFormatADPCM (121)
[2018.09.04-03.20.15:747][671]LogModuleManager: Shutting down and abandoning module LinuxTargetPlatform (119)
[2018.09.04-03.20.15:747][671]LogModuleManager: Shutting down and abandoning module LinuxServerTargetPlatform (117)
[2018.09.04-03.20.15:747][671]LogModuleManager: Shutting down and abandoning module LinuxNoEditorTargetPlatform (115)
[2018.09.04-03.20.15:747][671]LogModuleManager: Shutting down and abandoning module LinuxClientTargetPlatform (113)
[2018.09.04-03.20.15:747][671]LogModuleManager: Shutting down and abandoning module TVOSTargetPlatform (111)
[2018.09.04-03.20.15:747][671]LogModuleManager: Shutting down and abandoning module Messaging (109)
[2018.09.04-03.20.15:747][671]LogModuleManager: Shutting down and abandoning module IOSTargetPlatform (107)
[2018.09.04-03.20.15:747][671]LogModuleManager: Shutting down and abandoning module HTML5TargetPlatform (105)
[2018.09.04-03.20.15:747][671]LogModuleManager: Shutting down and abandoning module AndroidTargetPlatform (103)
[2018.09.04-03.20.15:748][671]LogModuleManager: Shutting down and abandoning module Android_PVRTCTargetPlatform (101)
[2018.09.04-03.20.15:748][671]LogModuleManager: Shutting down and abandoning module Android_MultiTargetPlatform (99)
[2018.09.04-03.20.15:748][671]LogModuleManager: Shutting down and abandoning module Android_ETC2TargetPlatform (97)
[2018.09.04-03.20.15:748][671]LogModuleManager: Shutting down and abandoning module Android_ETC1TargetPlatform (95)
[2018.09.04-03.20.15:748][671]LogModuleManager: Shutting down and abandoning module Android_ETC1aTargetPlatform (93)
[2018.09.04-03.20.15:748][671]LogModuleManager: Shutting down and abandoning module Android_DXTTargetPlatform (91)
[2018.09.04-03.20.15:748][671]LogModuleManager: Shutting down and abandoning module Android_ATCTargetPlatform (89)
[2018.09.04-03.20.15:748][671]LogModuleManager: Shutting down and abandoning module Android_ASTCTargetPlatform (87)
[2018.09.04-03.20.15:748][671]LogModuleManager: Shutting down and abandoning module WindowsTargetPlatform (85)
[2018.09.04-03.20.15:748][671]LogModuleManager: Shutting down and abandoning module WindowsServerTargetPlatform (83)
[2018.09.04-03.20.15:748][671]LogModuleManager: Shutting down and abandoning module WindowsNoEditorTargetPlatform (81)
[2018.09.04-03.20.15:748][671]LogModuleManager: Shutting down and abandoning module WindowsClientTargetPlatform (79)
[2018.09.04-03.20.15:748][671]LogModuleManager: Shutting down and abandoning module MacTargetPlatform (77)
[2018.09.04-03.20.15:748][671]LogModuleManager: Shutting down and abandoning module MacServerTargetPlatform (75)
[2018.09.04-03.20.15:748][671]LogModuleManager: Shutting down and abandoning module MacNoEditorTargetPlatform (73)
[2018.09.04-03.20.15:748][671]LogModuleManager: Shutting down and abandoning module MacClientTargetPlatform (71)
[2018.09.04-03.20.15:748][671]LogModuleManager: Shutting down and abandoning module AllDesktopTargetPlatform (69)
[2018.09.04-03.20.15:748][671]LogModuleManager: Shutting down and abandoning module InputCore (66)
[2018.09.04-03.20.15:748][671]LogModuleManager: Shutting down and abandoning module Settings (64)
[2018.09.04-03.20.15:748][671]LogModuleManager: Shutting down and abandoning module PhysXCooking (62)
[2018.09.04-03.20.15:748][671]LogModuleManager: Shutting down and abandoning module SteamVR (60)
[2018.09.04-03.20.15:748][671]LogModuleManager: Shutting down and abandoning module OculusHMD (58)
[2018.09.04-03.20.15:787][671]LogModuleManager: Shutting down and abandoning module ExampleDeviceProfileSelector (56)
[2018.09.04-03.20.15:787][671]LogModuleManager: Shutting down and abandoning module AppleARKit (54)
[2018.09.04-03.20.15:787][671]LogModuleManager: Shutting down and abandoning module AugmentedReality (51)
[2018.09.04-03.20.15:787][671]LogModuleManager: Shutting down and abandoning module OnlineBlueprintSupport (48)
[2018.09.04-03.20.15:787][671]LogModuleManager: Shutting down and abandoning module OnlineSubsystem (44)
[2018.09.04-03.20.15:908][671]LogModuleManager: Shutting down and abandoning module XMPP (43)
[2018.09.04-03.20.15:995][671]LogModuleManager: Shutting down and abandoning module HTTP (41)
[2018.09.04-03.20.16:031][671]LogHttp: Display: Http module shutting down, but needs to wait on 1 outstanding Http requests:
[2018.09.04-03.20.16:031][671]LogHttp: Display: 	verb=[POST] url=[https://datarouter.ol.epicgames.com/datarouter/api/v1/public/data?SessionID=%7B1CB284FA-43FC-3AF0-04FB-EFAE6B5FA312%7D&AppID=UEEditor.Rocket.Release&AppVersion=4.19.2-4033788%2B%2B%2BUE4%2BRelease-4.19&UserID=52901a204577657cfc79a3806d2ac230%7Cdc7fcc8cb09c496eaee61fffa0784dbe%7C8e8b911f-c7de-4c20-8448-d68324af95cd&AppEnvironment=datacollector-binary&UploadType=eteventstream] status=Processing
[2018.09.04-03.20.16:063][671]LogModuleManager: Shutting down and abandoning module SSL (40)
[2018.09.04-03.20.16:147][671]LogModuleManager: Shutting down and abandoning module AnimationModifiers (36)
[2018.09.04-03.20.16:191][671]LogModuleManager: Shutting down and abandoning module PropertyEditor (35)
[2018.09.04-03.20.16:247][671]LogModuleManager: Shutting down and abandoning module AudioEditor (32)
[2018.09.04-03.20.16:339][671]LogModuleManager: Shutting down and abandoning module TextureCompressor (30)
[2018.09.04-03.20.16:339][671]LogModuleManager: Shutting down and abandoning module ShaderCore (28)
[2018.09.04-03.20.16:339][671]LogModuleManager: Shutting down and abandoning module Landscape (26)
[2018.09.04-03.20.16:339][671]LogModuleManager: Shutting down and abandoning module SlateRHIRenderer (24)
[2018.09.04-03.20.16:379][671]LogModuleManager: Shutting down and abandoning module OpenGLDrv (22)
[2018.09.04-03.20.16:448][671]LogModuleManager: Shutting down and abandoning module D3D11RHI (20)
[2018.09.04-03.20.16:449][671]LogModuleManager: Shutting down and abandoning module AnimGraphRuntime (18)
[2018.09.04-03.20.16:449][671]LogModuleManager: Shutting down and abandoning module Renderer (16)
[2018.09.04-03.20.16:449][671]LogModuleManager: Shutting down and abandoning module Engine (14)
[2018.09.04-03.20.16:449][671]LogModuleManager: Shutting down and abandoning module CoreUObject (12)
[2018.09.04-03.20.16:449][671]LogModuleManager: Shutting down and abandoning module NetworkFile (10)
[2018.09.04-03.20.16:474][671]LogModuleManager: Shutting down and abandoning module CookedIterativeFile (8)
[2018.09.04-03.20.16:474][671]LogModuleManager: Shutting down and abandoning module StreamingFile (6)
[2018.09.04-03.20.16:509][671]LogModuleManager: Shutting down and abandoning module SandboxFile (4)
[2018.09.04-03.20.16:541][671]LogModuleManager: Shutting down and abandoning module PakFile (2)
[2018.09.04-03.20.16:701][671]LogExit: Exiting.
[2018.09.04-03.20.16:718][671]Log file closed, 09/03/18 20:20:16
